<?xml version="1.0" encoding="utf-8"?>
<TestRun id="2f4ed413-f9f8-4904-9727-59c44c98ea8e" name="@runnervm5mmn9 2026-07-11 00:14:26" xmlns="http://microsoft.com/schemas/VisualStudio/TeamTest/2010">
  <Times creation="2026-07-11T00:14:26.2366074+00:00" queuing="2026-07-11T00:14:26.2366074+00:00" start="2026-07-11T00:14:23.9809897+00:00" finish="2026-07-11T00:14:31.9057294+00:00" />
  <TestSettings name="default" id="bea3c612-bdcc-4a1b-b2b9-f0bf56c59d7f">
    <Deployment runDeploymentRoot="_runnervm5mmn9_2026-07-11_00_14_26" />
  </TestSettings>
  <Results>
    <UnitTestResult executionId="a472ea13-8f05-43ce-a3aa-5dc16f4048fa" testId="4ed52fa9-23d7-fd61-c85c-e15b35aacc3e" testName="Listenarr.Tests.Features.Architecture.BackendArchitectureTests.EfMigrations_RemainInTheirHistoricalNamespace" computerName="runnervm5mmn9" duration="00:00:00.0404195" startTime="2026-07-11T00:14:28.3326969+00:00" endTime="2026-07-11T00:14:28.3723905+00:00" testType="13cdc9d9-ddb5-4fa4-a97d-d965ccfc6d4b" outcome="Passed" testListId="8c84fa94-04c1-424b-9868-57a2d4851a1d" relativeResultsDirectory="a472ea13-8f05-43ce-a3aa-5dc16f4048fa" />
    <UnitTestResult executionId="2bd937f4-bbcd-4f30-be41-a5426fd6085a" testId="e4948811-fc95-5942-29fc-407a224d4b2d" testName="Listenarr.Tests.Features.Infrastructure.Library.Moving.AudiobookContentMoveServiceTests.MoveContentsAsync_StaleLeaseGeneration_DoesNotMutateFilesystem" computerName="runnervm5mmn9" duration="00:00:00.0112429" startTime="2026-07-11T00:14:28.9385453+00:00" endTime="2026-07-11T00:14:28.9497929+00:00" testType="13cdc9d9-ddb5-4fa4-a97d-d965ccfc6d4b" outcome="Passed" testListId="8c84fa94-04c1-424b-9868-57a2d4851a1d" relativeResultsDirectory="2bd937f4-bbcd-4f30-be41-a5426fd6085a" />
    <UnitTestResult executionId="c72bf568-0e1e-4303-995c-592da4f3a456" testId="2b303988-12d6-2804-d2c6-6c2c7fa65fce" testName="Listenarr.Tests.Features.Infrastructure.Library.Moving.AudiobookContentMoveServiceTests.FinalizeMove_RetryAfterImmediateParentRemoved_PrunesHigherEmptyAncestors" computerName="runnervm5mmn9" duration="00:00:00.0114662" startTime="2026-07-11T00:14:28.9261819+00:00" endTime="2026-07-11T00:14:28.9382873+00:00" testType="13cdc9d9-ddb5-4fa4-a97d-d965ccfc6d4b" outcome="Passed" testListId="8c84fa94-04c1-424b-9868-57a2d4851a1d" relativeResultsDirectory="c72bf568-0e1e-4303-995c-592da4f3a456" />
    <UnitTestResult executionId="985c2bd1-6561-43a6-9598-fa7160453bab" testId="17b76b81-15d2-273b-13aa-a2101d474d26" testName="Listenarr.Tests.Features.Infrastructure.Persistence.RootFolderReassignmentTransactionTests.ReassignAudiobooksAndRemoveAsync_RewritesAllReferencesAndDeletesRoot" computerName="runnervm5mmn9" duration="00:00:00.7986306" startTime="2026-07-11T00:14:25.5649280+00:00" endTime="2026-07-11T00:14:27.6112738+00:00" testType="13cdc9d9-ddb5-4fa4-a97d-d965ccfc6d4b" outcome="Passed" testListId="8c84fa94-04c1-424b-9868-57a2d4851a1d" relativeResultsDirectory="985c2bd1-6561-43a6-9598-fa7160453bab" />
    <UnitTestResult executionId="76056dfb-5407-482e-a69f-badab2165eb0" testId="12feec3a-95c9-fe67-cbac-faf0f4c22d65" testName="Listenarr.Tests.Features.Infrastructure.Library.Moving.MoveJobProcessorTests.ProcessJobAsync_TargetInsideSource_MovesSourceContentsIntoTarget" computerName="runnervm5mmn9" duration="00:00:00.0600278" startTime="2026-07-11T00:14:28.0919339+00:00" endTime="2026-07-11T00:14:28.1536474+00:00" testType="13cdc9d9-ddb5-4fa4-a97d-d965ccfc6d4b" outcome="Passed" testListId="8c84fa94-04c1-424b-9868-57a2d4851a1d" relativeResultsDirectory="76056dfb-5407-482e-a69f-badab2165eb0" />
    <UnitTestResult executionId="bf2bf6cf-7299-497c-9679-a62f4286bc04" testId="dc781aa2-829c-6b74-d301-d6ac017dbc4a" testName="Listenarr.Tests.Features.Application.Audiobooks.RootFolders.RootFolderServiceTests.Delete_Throws_WhenActiveMoveJobTouchesSourcePathInsideRoot" computerName="runnervm5mmn9" duration="00:00:00.0035320" startTime="2026-07-11T00:14:28.2480470+00:00" endTime="2026-07-11T00:14:28.2515867+00:00" testType="13cdc9d9-ddb5-4fa4-a97d-d965ccfc6d4b" outcome="Passed" testListId="8c84fa94-04c1-424b-9868-57a2d4851a1d" relativeResultsDirectory="bf2bf6cf-7299-497c-9679-a62f4286bc04" />
    <UnitTestResult executionId="e0f29329-36fc-4825-9bf5-9d0020155509" testId="2499a3dd-d013-12e0-0a8c-79268f94d8b1" testName="Listenarr.Tests.Features.Infrastructure.Library.Moving.AudiobookContentMoveServiceTests.MoveContentsAsync_CopyStartedWithUnknownDestinationFile_BlocksRecovery" computerName="runnervm5mmn9" duration="00:00:00.0110508" startTime="2026-07-11T00:14:29.0226011+00:00" endTime="2026-07-11T00:14:29.0343275+00:00" testType="13cdc9d9-ddb5-4fa4-a97d-d965ccfc6d4b" outcome="Passed" testListId="8c84fa94-04c1-424b-9868-57a2d4851a1d" relativeResultsDirectory="e0f29329-36fc-4825-9bf5-9d0020155509" />
    <UnitTestResult executionId="57fe92d0-c998-4ef5-acbb-74940a272f9e" testId="05c07f2f-8d97-3022-8ed4-13210bf0b9d0" testName="Listenarr.Tests.Features.Infrastructure.Library.Moving.RootFolderRelocationServiceTests.MetadataOnly_InvalidStoredAudiobookBasePathIsSkippedWithoutAbortingOtherUpdates" computerName="runnervm5mmn9" duration="00:00:00.1182270" startTime="2026-07-11T00:14:28.5164467+00:00" endTime="2026-07-11T00:14:28.7634891+00:00" testType="13cdc9d9-ddb5-4fa4-a97d-d965ccfc6d4b" outcome="Passed" testListId="8c84fa94-04c1-424b-9868-57a2d4851a1d" relativeResultsDirectory="57fe92d0-c998-4ef5-acbb-74940a272f9e" />
    <UnitTestResult executionId="5d4f3152-fd99-44e7-b04a-eae088272870" testId="49396705-5801-c93e-5fa1-cc1df12c960e" testName="Listenarr.Tests.Features.Infrastructure.Library.Moving.AudiobookContentMoveServiceTests.FinalizeMove_MissingCleanupBoundary_LeavesMarkerAndRequiresAttention" computerName="runnervm5mmn9" duration="00:00:00.0115168" startTime="2026-07-11T00:14:28.8966664+00:00" endTime="2026-07-11T00:14:28.9090588+00:00" testType="13cdc9d9-ddb5-4fa4-a97d-d965ccfc6d4b" outcome="Passed" testListId="8c84fa94-04c1-424b-9868-57a2d4851a1d" relativeResultsDirectory="5d4f3152-fd99-44e7-b04a-eae088272870" />
    <UnitTestResult executionId="8ca0fa83-d968-465c-bcc8-ae0b04986361" testId="2c054e1c-267a-1fc5-23f0-08e40d40cf5b" testName="Listenarr.Tests.Features.Api.Features.Library.LibraryController_UpdateAudiobookTests.UpdateAudiobook_LegacyBasePathChange_DoesNotRestoreStaleFileOrImagePaths" computerName="runnervm5mmn9" duration="00:00:02.1727772" startTime="2026-07-11T00:14:25.1627101+00:00" endTime="2026-07-11T00:14:27.3429868+00:00" testType="13cdc9d9-ddb5-4fa4-a97d-d965ccfc6d4b" outcome="Passed" testListId="8c84fa94-04c1-424b-9868-57a2d4851a1d" relativeResultsDirectory="8ca0fa83-d968-465c-bcc8-ae0b04986361" />
    <UnitTestResult executionId="d40923a3-c0bd-4fc7-93e0-a09cfb10e439" testId="af258af2-60f2-fd08-8be4-fe33ede7e7e7" testName="Listenarr.Tests.Features.Infrastructure.Library.Moving.RootFolderRelocationServiceTests.DeleteRootFolder_PreservesCompletedRelocationHistoryAndKeepsHistoryQueryable" computerName="runnervm5mmn9" duration="00:00:00.0431208" startTime="2026-07-11T00:14:30.1128574+00:00" endTime="2026-07-11T00:14:30.2117606+00:00" testType="13cdc9d9-ddb5-4fa4-a97d-d965ccfc6d4b" outcome="Passed" testListId="8c84fa94-04c1-424b-9868-57a2d4851a1d" relativeResultsDirectory="d40923a3-c0bd-4fc7-93e0-a09cfb10e439" />
    <UnitTestResult executionId="dc46888c-d439-4e29-a028-e2592c7f8386" testId="34c9980e-2706-5843-d007-db147962c37c" testName="Listenarr.Tests.Features.Architecture.BackendArchitectureTests.Application_DoesNotUseServiceLocation" computerName="runnervm5mmn9" duration="00:00:00.0178310" startTime="2026-07-11T00:14:28.6251595+00:00" endTime="2026-07-11T00:14:28.6428553+00:00" testType="13cdc9d9-ddb5-4fa4-a97d-d965ccfc6d4b" outcome="Passed" testListId="8c84fa94-04c1-424b-9868-57a2d4851a1d" relativeResultsDirectory="dc46888c-d439-4e29-a028-e2592c7f8386" />
    <UnitTestResult executionId="8269a48a-2984-4704-994f-ad83201f00ac" testId="726eb467-1d05-3fac-9442-8f4056e1f23a" testName="Listenarr.Tests.Features.Infrastructure.Library.Moving.AudiobookContentMoveServiceTests.MoveContentsAsync_SourceInsideTarget_WithUnrelatedSibling_Fails" computerName="runnervm5mmn9" duration="00:00:00.0109812" startTime="2026-07-11T00:14:28.9500186+00:00" endTime="2026-07-11T00:14:28.9614415+00:00" testType="13cdc9d9-ddb5-4fa4-a97d-d965ccfc6d4b" outcome="Passed" testListId="8c84fa94-04c1-424b-9868-57a2d4851a1d" relativeResultsDirectory="8269a48a-2984-4704-994f-ad83201f00ac" />
    <UnitTestResult executionId="e0a2342c-453b-42e2-a012-78717afc52b4" testId="cc01a517-0c8b-3ef6-dafa-22a1f167eaab" testName="Listenarr.Tests.Features.Api.Features.Library.LibraryController_DeleteLinkSafetyTests.FilesystemDelete_LinkedFileDoesNotDeleteExternalFile" computerName="runnervm5mmn9" duration="00:00:00.0806944" startTime="2026-07-11T00:14:28.2743984+00:00" endTime="2026-07-11T00:14:28.3555797+00:00" testType="13cdc9d9-ddb5-4fa4-a97d-d965ccfc6d4b" outcome="Passed" testListId="8c84fa94-04c1-424b-9868-57a2d4851a1d" relativeResultsDirectory="e0a2342c-453b-42e2-a012-78717afc52b4" />
    <UnitTestResult executionId="929fd8c2-cd30-4409-b828-6d7d664b09f3" testId="102efb88-80f9-36ca-6141-c2f49459b919" testName="Listenarr.Tests.Features.Infrastructure.Library.Moving.AudiobookContentMoveServiceTests.MoveContentsAsync_SourceChangesAfterPublish_BlocksAllCleanup" computerName="runnervm5mmn9" duration="00:00:00.0243805" startTime="2026-07-11T00:14:29.1305503+00:00" endTime="2026-07-11T00:14:29.1527764+00:00" testType="13cdc9d9-ddb5-4fa4-a97d-d965ccfc6d4b" outcome="Passed" testListId="8c84fa94-04c1-424b-9868-57a2d4851a1d" relativeResultsDirectory="929fd8c2-cd30-4409-b828-6d7d664b09f3" />
    <UnitTestResult executionId="e0995d3a-f557-45c0-a053-5032797017cb" testId="abf623ee-58a7-315b-69f2-0072a38d347a" testName="Listenarr.Tests.Features.Infrastructure.Library.Moving.AudiobookContentMoveServiceTests.MoveContentsAsync_CopyStartedMarkerOwnedByAnotherJob_BlocksRecovery" computerName="runnervm5mmn9" duration="00:00:00.0157874" startTime="2026-07-11T00:14:29.0886535+00:00" endTime="2026-07-11T00:14:29.1020907+00:00" testType="13cdc9d9-ddb5-4fa4-a97d-d965ccfc6d4b" outcome="Passed" testListId="8c84fa94-04c1-424b-9868-57a2d4851a1d" relativeResultsDirectory="e0995d3a-f557-45c0-a053-5032797017cb" />
    <UnitTestResult executionId="cf6466e7-24e3-4ef2-b555-28e769ee46e7" testId="e7a91213-f604-1fa1-d26e-56ed3f4f7128" testName="Listenarr.Tests.Features.Infrastructure.Library.Moving.AudiobookContentMoveServiceTests.MoveContentsAsync_DeleteEmptySourceFalse_KeepsEmptySourceDirectory" computerName="runnervm5mmn9" duration="00:00:00.0197037" startTime="2026-07-11T00:14:29.1543074+00:00" endTime="2026-07-11T00:14:29.1748959+00:00" testType="13cdc9d9-ddb5-4fa4-a97d-d965ccfc6d4b" outcome="Passed" testListId="8c84fa94-04c1-424b-9868-57a2d4851a1d" relativeResultsDirectory="cf6466e7-24e3-4ef2-b555-28e769ee46e7" />
    <UnitTestResult executionId="4855a380-4cf4-461b-a051-4453bcb6de1d" testId="a9c55233-5f3d-be49-10c2-983f0a38d899" testName="Listenarr.Tests.Features.Application.Audiobooks.RootFolders.RootFolderServiceTests.Create_Throws_WhenPathInvalidForCurrentOs" computerName="runnervm5mmn9" duration="00:00:00.0019505" startTime="2026-07-11T00:14:28.1523673+00:00" endTime="2026-07-11T00:14:28.1541392+00:00" testType="13cdc9d9-ddb5-4fa4-a97d-d965ccfc6d4b" outcome="Passed" testListId="8c84fa94-04c1-424b-9868-57a2d4851a1d" relativeResultsDirectory="4855a380-4cf4-461b-a051-4453bcb6de1d" />
    <UnitTestResult executionId="334453ca-cfee-4f13-a112-61a24eec06e8" testId="ca1b45d9-a606-d88a-e517-ab2488d9f58d" testName="Listenarr.Tests.Features.Infrastructure.Library.Moving.AudiobookContentMoveServiceTests.MoveContentsAsync_DefaultLeaseGeneration_DoesNotMutateFilesystem" computerName="runnervm5mmn9" duration="00:00:00.0098281" startTime="2026-07-11T00:14:28.6359804+00:00" endTime="2026-07-11T00:14:28.6476545+00:00" testType="13cdc9d9-ddb5-4fa4-a97d-d965ccfc6d4b" outcome="Passed" testListId="8c84fa94-04c1-424b-9868-57a2d4851a1d" relativeResultsDirectory="334453ca-cfee-4f13-a112-61a24eec06e8" />
    <UnitTestResult executionId="e4e98b28-e3be-41cb-af8f-6ee540f07fe6" testId="c4dea0f7-27c7-8eb6-73bc-5fe9d6963aa8" testName="Listenarr.Tests.Features.Infrastructure.Library.Moving.AudiobookContentMoveServiceTests.MoveContentsAsync_InvalidLeaseState_DoesNotMutateFilesystem(invalidState: &quot;owner&quot;)" computerName="runnervm5mmn9" duration="00:00:00.0216599" startTime="2026-07-11T00:14:28.4614936+00:00" endTime="2026-07-11T00:14:28.4862709+00:00" testType="13cdc9d9-ddb5-4fa4-a97d-d965ccfc6d4b" outcome="Passed" testListId="8c84fa94-04c1-424b-9868-57a2d4851a1d" relativeResultsDirectory="e4e98b28-e3be-41cb-af8f-6ee540f07fe6" />
    <UnitTestResult executionId="1fd1a9bb-a8f1-490a-8a1d-72592f02b34f" testId="9904a537-1b40-d8fb-f470-13ab86d0d1ef" testName="Listenarr.Tests.Features.Infrastructure.Library.Moving.AudiobookContentMoveServiceTests.MoveContentsAsync_TargetInsideSource_MovesContentsIntoChildAndKeepsTarget" computerName="runnervm5mmn9" duration="00:00:00.0218870" startTime="2026-07-11T00:14:29.0345941+00:00" endTime="2026-07-11T00:14:29.0569459+00:00" testType="13cdc9d9-ddb5-4fa4-a97d-d965ccfc6d4b" outcome="Passed" testListId="8c84fa94-04c1-424b-9868-57a2d4851a1d" relativeResultsDirectory="1fd1a9bb-a8f1-490a-8a1d-72592f02b34f" />
    <UnitTestResult executionId="183b8985-786b-4fae-9f5f-5d69c044ca73" testId="58d50ed6-359c-da29-220f-388cd370e7ea" testName="Listenarr.Tests.Features.Infrastructure.Persistence.RootFolderReassignmentTransactionTests.ReassignAudiobooksAndRemoveAsync_ActiveRelocationInsideTransactionBlocksAllChanges" computerName="runnervm5mmn9" duration="00:00:00.0301250" startTime="2026-07-11T00:14:28.0865362+00:00" endTime="2026-07-11T00:14:28.2772153+00:00" testType="13cdc9d9-ddb5-4fa4-a97d-d965ccfc6d4b" outcome="Passed" testListId="8c84fa94-04c1-424b-9868-57a2d4851a1d" relativeResultsDirectory="183b8985-786b-4fae-9f5f-5d69c044ca73" />
    <UnitTestResult executionId="d1164b35-42e1-4092-85ca-a7b63243fb6d" testId="2b6fb8d1-91f4-8a20-a199-6e32fd1f7886" testName="Listenarr.Tests.Features.Application.Audiobooks.RootFolders.RootFolderServiceTests.Update_Throws_WhenPathNestedInsideAnotherRoot" computerName="runnervm5mmn9" duration="00:00:00.0030759" startTime="2026-07-11T00:14:28.2346266+00:00" endTime="2026-07-11T00:14:28.2347511+00:00" testType="13cdc9d9-ddb5-4fa4-a97d-d965ccfc6d4b" outcome="Passed" testListId="8c84fa94-04c1-424b-9868-57a2d4851a1d" relativeResultsDirectory="d1164b35-42e1-4092-85ca-a7b63243fb6d" />
    <UnitTestResult executionId="8249d6ba-c885-440c-baf5-cf7c8a603489" testId="f1ee494a-ba00-0538-3765-dca630322bf3" testName="Listenarr.Tests.Features.Application.Audiobooks.RootFolders.RootFolderServiceTests.Update_Throws_WhenRequestedRootContainsAnotherRoot" computerName="runnervm5mmn9" duration="00:00:00.0065430" startTime="2026-07-11T00:14:28.0145143+00:00" endTime="2026-07-11T00:14:28.0200910+00:00" testType="13cdc9d9-ddb5-4fa4-a97d-d965ccfc6d4b" outcome="Passed" testListId="8c84fa94-04c1-424b-9868-57a2d4851a1d" relativeResultsDirectory="8249d6ba-c885-440c-baf5-cf7c8a603489" />
    <UnitTestResult executionId="ef49135c-ea7f-49fb-a68f-d0853f1d966a" testId="139f383b-007a-4ecb-6d77-822d6ed701c5" testName="Listenarr.Tests.Features.Api.Features.Library.LibraryController_UpdateAudiobookTests.UpdateAudiobook_LegacyBasePathChange_RewritesStoredAbsoluteReferences" computerName="runnervm5mmn9" duration="00:00:00.0180336" startTime="2026-07-11T00:14:27.5133999+00:00" endTime="2026-07-11T00:14:27.5295946+00:00" testType="13cdc9d9-ddb5-4fa4-a97d-d965ccfc6d4b" outcome="Passed" testListId="8c84fa94-04c1-424b-9868-57a2d4851a1d" relativeResultsDirectory="ef49135c-ea7f-49fb-a68f-d0853f1d966a" />
    <UnitTestResult executionId="8bbaf46c-065a-472d-ac06-d63772bbe739" testId="713feff6-d221-e5e0-9ba8-052d7059a96d" testName="Listenarr.Tests.Features.Infrastructure.Library.Moving.AudiobookContentMoveServiceTests.LegacyCopyCompleteMarker_WithoutManifest_NeverAuthorizesDeletion" computerName="runnervm5mmn9" duration="00:00:00.0099974" startTime="2026-07-11T00:14:29.1753529+00:00" endTime="2026-07-11T00:14:29.1882828+00:00" testType="13cdc9d9-ddb5-4fa4-a97d-d965ccfc6d4b" outcome="Passed" testListId="8c84fa94-04c1-424b-9868-57a2d4851a1d" relativeResultsDirectory="8bbaf46c-065a-472d-ac06-d63772bbe739" />
    <UnitTestResult executionId="78e2f0d1-f776-4e2b-b163-1d878d2b1b1f" testId="66bb11e3-f560-12bc-7314-c0bfe40d6146" testName="Listenarr.Tests.Features.Infrastructure.Library.Moving.AudiobookContentMoveServiceTests.ValidateTargetManifest_RejectsEscapedEntries(relativePath: &quot;../escape.m4b&quot;)" computerName="runnervm5mmn9" duration="00:00:00.0047530" startTime="2026-07-11T00:14:28.8697451+00:00" endTime="2026-07-11T00:14:28.8744290+00:00" testType="13cdc9d9-ddb5-4fa4-a97d-d965ccfc6d4b" outcome="Passed" testListId="8c84fa94-04c1-424b-9868-57a2d4851a1d" relativeResultsDirectory="78e2f0d1-f776-4e2b-b163-1d878d2b1b1f" />
    <UnitTestResult executionId="5a478f9a-d707-4798-b74c-0dfc7b974b56" testId="747d36ce-42e7-8ac9-4cfc-b21ea595d217" testName="Listenarr.Tests.Features.Architecture.BackendArchitectureTests.NewControllerBroadCatches_AreForbiddenOutsideDocumentedLegacyControllers" computerName="runnervm5mmn9" duration="00:00:00.0047966" startTime="2026-07-11T00:14:28.7209857+00:00" endTime="2026-07-11T00:14:28.7256464+00:00" testType="13cdc9d9-ddb5-4fa4-a97d-d965ccfc6d4b" outcome="Passed" testListId="8c84fa94-04c1-424b-9868-57a2d4851a1d" relativeResultsDirectory="5a478f9a-d707-4798-b74c-0dfc7b974b56" />
    <UnitTestResult executionId="44d42981-74be-4259-ae25-9fe1e8d33475" testId="6581c8be-f05f-3bf4-da1f-a26bc49323c0" testName="Listenarr.Tests.Features.Application.Audiobooks.RootFolders.RootFolderServiceTests.Create_Throws_WhenNestedInsideExistingRoot" computerName="runnervm5mmn9" duration="00:00:00.0028524" startTime="2026-07-11T00:14:28.1494306+00:00" endTime="2026-07-11T00:14:28.1521292+00:00" testType="13cdc9d9-ddb5-4fa4-a97d-d965ccfc6d4b" outcome="Passed" testListId="8c84fa94-04c1-424b-9868-57a2d4851a1d" relativeResultsDirectory="44d42981-74be-4259-ae25-9fe1e8d33475" />
    <UnitTestResult executionId="1fef4cd0-874c-4f1b-8a92-ac5a48f67e2d" testId="92f90d6f-d1ca-ae3c-41da-7c5d0f3c1821" testName="Listenarr.Tests.Features.Application.Audiobooks.RootFolders.RootFolderServiceTests.Update_InsensitiveOverrideRejectsCaseVariantIdentityConflict" computerName="runnervm5mmn9" duration="00:00:00.0070292" startTime="2026-07-11T00:14:28.2414839+00:00" endTime="2026-07-11T00:14:28.2478145+00:00" testType="13cdc9d9-ddb5-4fa4-a97d-d965ccfc6d4b" outcome="Passed" testListId="8c84fa94-04c1-424b-9868-57a2d4851a1d" relativeResultsDirectory="1fef4cd0-874c-4f1b-8a92-ac5a48f67e2d" />
    <UnitTestResult executionId="2343be53-59b7-4ef5-893c-4df7937fcb67" testId="853af01c-7a93-087d-46fd-0ac438b2e2bf" testName="Listenarr.Tests.Features.Api.Features.Library.LibraryController_UpdateAudiobookTests.UpdateAudiobook_PersistsExpandedMetadataFields" computerName="runnervm5mmn9" duration="00:00:00.1174984" startTime="2026-07-11T00:14:27.3784065+00:00" endTime="2026-07-11T00:14:27.4964636+00:00" testType="13cdc9d9-ddb5-4fa4-a97d-d965ccfc6d4b" outcome="Passed" testListId="8c84fa94-04c1-424b-9868-57a2d4851a1d" relativeResultsDirectory="2343be53-59b7-4ef5-893c-4df7937fcb67" />
    <UnitTestResult executionId="8426c5b2-22e4-4a0a-acbc-ddb5a1b2f9ce" testId="feabce31-7161-dbe3-7491-ff80af5fe3cd" testName="Listenarr.Tests.Features.Architecture.BackendArchitectureTests.NewDirectHttpClientConstruction_IsRestrictedToDocumentedLegacyAdapters" computerName="runnervm5mmn9" duration="00:00:00.0356616" startTime="2026-07-11T00:14:28.6475578+00:00" endTime="2026-07-11T00:14:28.6786056+00:00" testType="13cdc9d9-ddb5-4fa4-a97d-d965ccfc6d4b" outcome="Passed" testListId="8c84fa94-04c1-424b-9868-57a2d4851a1d" relativeResultsDirectory="8426c5b2-22e4-4a0a-acbc-ddb5a1b2f9ce" />
    <UnitTestResult executionId="7ab24231-be42-465a-b65a-d86023bcb8eb" testId="286879e9-6b59-c2af-1f06-ddc62e88886f" testName="Listenarr.Tests.Features.Application.Audiobooks.RootFolders.RootFolderServiceTests.Update_Throws_WhenActiveMoveJobTouchesOldRoot" computerName="runnervm5mmn9" duration="00:00:00.0040733" startTime="2026-07-11T00:14:28.2084658+00:00" endTime="2026-07-11T00:14:28.2122295+00:00" testType="13cdc9d9-ddb5-4fa4-a97d-d965ccfc6d4b" outcome="Passed" testListId="8c84fa94-04c1-424b-9868-57a2d4851a1d" relativeResultsDirectory="7ab24231-be42-465a-b65a-d86023bcb8eb" />
    <UnitTestResult executionId="7bb02a3f-7206-41b2-849b-e483936ea8d3" testId="214eb44b-c4ed-84cc-3ca5-d6a92ae22ab4" testName="Listenarr.Tests.Features.Infrastructure.Library.Moving.RootFolderRelocationServiceTests.IsBoundaryProtectedAsync_FailsClosedWhenBoundarySemanticsAreUnavailable" computerName="runnervm5mmn9" duration="00:00:00.0102639" startTime="2026-07-11T00:14:30.4504977+00:00" endTime="2026-07-11T00:14:30.5142332+00:00" testType="13cdc9d9-ddb5-4fa4-a97d-d965ccfc6d4b" outcome="Passed" testListId="8c84fa94-04c1-424b-9868-57a2d4851a1d" relativeResultsDirectory="7bb02a3f-7206-41b2-849b-e483936ea8d3" />
    <UnitTestResult executionId="ba8bb890-ce3f-4a2c-b732-c06fa52632e6" testId="f06be121-5d7e-db59-cc74-98f7cda7973f" testName="Listenarr.Tests.Features.Api.Features.Library.LibraryUpdateWorkflowTests.UpdateAsync_DestinationAndMetadataUpdate_PreservesOmittedBooleans" computerName="runnervm5mmn9" duration="00:00:00.2178533" startTime="2026-07-11T00:14:25.1642682+00:00" endTime="2026-07-11T00:14:25.3908473+00:00" testType="13cdc9d9-ddb5-4fa4-a97d-d965ccfc6d4b" outcome="Passed" testListId="8c84fa94-04c1-424b-9868-57a2d4851a1d" relativeResultsDirectory="ba8bb890-ce3f-4a2c-b732-c06fa52632e6" />
    <UnitTestResult executionId="f93a64a7-fca3-4653-9f4a-5d037a4f6d2b" testId="f72e7198-c2b8-2545-803e-5deca34a78d4" testName="Listenarr.Tests.Features.Application.Audiobooks.RootFolders.RootFolderServiceTests.Update_RenameWithoutMove_UpdatesAudiobookBasePaths" computerName="runnervm5mmn9" duration="00:00:00.0533269" startTime="2026-07-11T00:14:28.1552747+00:00" endTime="2026-07-11T00:14:28.2076220+00:00" testType="13cdc9d9-ddb5-4fa4-a97d-d965ccfc6d4b" outcome="Passed" testListId="8c84fa94-04c1-424b-9868-57a2d4851a1d" relativeResultsDirectory="f93a64a7-fca3-4653-9f4a-5d037a4f6d2b">
      <Output>
        <StdOut>Before update: A1 =&gt; /root/Author/Title; A2 =&gt; /root
After update: A1 =&gt; /root/Author/Title; A2 =&gt; /root</StdOut>
      </Output>
    </UnitTestResult>
    <UnitTestResult executionId="55cdefc9-7711-4be5-969c-a369a4fc360a" testId="983ab6cf-c305-4ca2-c820-8fe8223b488d" testName="Listenarr.Tests.Features.Application.Audiobooks.RootFolders.RootFolderServiceTests.Delete_ReassignsFilesystemRootChildAudiobookPreservingRelativePath" computerName="runnervm5mmn9" duration="00:00:00.0958070" startTime="2026-07-11T00:14:28.0203897+00:00" endTime="2026-07-11T00:14:28.1160189+00:00" testType="13cdc9d9-ddb5-4fa4-a97d-d965ccfc6d4b" outcome="Passed" testListId="8c84fa94-04c1-424b-9868-57a2d4851a1d" relativeResultsDirectory="55cdefc9-7711-4be5-969c-a369a4fc360a" />
    <UnitTestResult executionId="13cf9b99-4c25-49e1-93c9-4a2bf8e91b5e" testId="ea90acf4-d703-2ba6-a483-c171afb4b17e" testName="Listenarr.Tests.Features.Infrastructure.Library.Moving.RootFolderRelocationServiceTests.StartRelocation_PersistsSagaAndJobsWithoutChangingRootOrAudiobooks" computerName="runnervm5mmn9" duration="00:00:00.0222321" startTime="2026-07-11T00:14:31.6639459+00:00" endTime="2026-07-11T00:14:31.7406505+00:00" testType="13cdc9d9-ddb5-4fa4-a97d-d965ccfc6d4b" outcome="Passed" testListId="8c84fa94-04c1-424b-9868-57a2d4851a1d" relativeResultsDirectory="13cf9b99-4c25-49e1-93c9-4a2bf8e91b5e" />
    <UnitTestResult executionId="33f0b208-255f-4c17-b1e5-9d44150a3d16" testId="a9af582e-cf20-3722-2d1c-c2a9ffeafa22" testName="Listenarr.Tests.Features.Infrastructure.Library.Moving.RootFolderRelocationServiceTests.StartRelocation_RejectsOverlappingActiveStandaloneMove(conflictKind: &quot;source-target&quot;)" computerName="runnervm5mmn9" duration="00:00:00.0237925" startTime="2026-07-11T00:14:29.0564596+00:00" endTime="2026-07-11T00:14:29.1710753+00:00" testType="13cdc9d9-ddb5-4fa4-a97d-d965ccfc6d4b" outcome="Passed" testListId="8c84fa94-04c1-424b-9868-57a2d4851a1d" relativeResultsDirectory="33f0b208-255f-4c17-b1e5-9d44150a3d16" />
    <UnitTestResult executionId="58cc277e-bd58-4366-a764-fe4016f662bb" testId="75960a07-b05b-98b7-8a6e-998b70095b79" testName="Listenarr.Tests.Features.Infrastructure.Library.Moving.AudiobookContentMoveServiceTests.ResumeSourceCleanup_VerifiedQuarantine_ConvergesAfterCrash" computerName="runnervm5mmn9" duration="00:00:00.0207318" startTime="2026-07-11T00:14:28.7118441+00:00" endTime="2026-07-11T00:14:28.7392670+00:00" testType="13cdc9d9-ddb5-4fa4-a97d-d965ccfc6d4b" outcome="Passed" testListId="8c84fa94-04c1-424b-9868-57a2d4851a1d" relativeResultsDirectory="58cc277e-bd58-4366-a764-fe4016f662bb" />
    <UnitTestResult executionId="972cc9be-4d9f-40da-a33b-e42d83f2f294" testId="121aadaa-98cb-1634-a19b-112d9c564576" testName="Listenarr.Tests.Features.Infrastructure.Library.Moving.RootFolderRelocationServiceTests.RetryAsync_BroadcastsAfterReleasingCoordinator" computerName="runnervm5mmn9" duration="00:00:00.0138179" startTime="2026-07-11T00:14:31.3249227+00:00" endTime="2026-07-11T00:14:31.3938628+00:00" testType="13cdc9d9-ddb5-4fa4-a97d-d965ccfc6d4b" outcome="Passed" testListId="8c84fa94-04c1-424b-9868-57a2d4851a1d" relativeResultsDirectory="972cc9be-4d9f-40da-a33b-e42d83f2f294" />
    <UnitTestResult executionId="6c9944cd-dfdb-499c-9b49-47061db28182" testId="4e99b9a6-584a-3ea8-3de1-4fe22c4cbeb3" testName="Listenarr.Tests.Features.Architecture.BackendArchitectureTests.ActiveProductionSourceFiles_RemainFocused" computerName="runnervm5mmn9" duration="00:00:00.0369907" startTime="2026-07-11T00:14:28.2902533+00:00" endTime="2026-07-11T00:14:28.3240968+00:00" testType="13cdc9d9-ddb5-4fa4-a97d-d965ccfc6d4b" outcome="Passed" testListId="8c84fa94-04c1-424b-9868-57a2d4851a1d" relativeResultsDirectory="6c9944cd-dfdb-499c-9b49-47061db28182" />
    <UnitTestResult executionId="11d43467-d555-4c2c-a3cb-f4de375a8d6b" testId="a53e3de2-6128-7c7d-9b94-5c5a8c79d9bd" testName="Listenarr.Tests.Features.Infrastructure.Library.Moving.MoveJobProcessorTests.ProcessJobAsync_CopyCompletedMarkerWithoutManifest_BlocksSourceCleanup" computerName="runnervm5mmn9" duration="00:00:00.0491013" startTime="2026-07-11T00:14:28.3865841+00:00" endTime="2026-07-11T00:14:28.4419932+00:00" testType="13cdc9d9-ddb5-4fa4-a97d-d965ccfc6d4b" outcome="Passed" testListId="8c84fa94-04c1-424b-9868-57a2d4851a1d" relativeResultsDirectory="11d43467-d555-4c2c-a3cb-f4de375a8d6b" />
    <UnitTestResult executionId="b5ea548d-fe51-4616-bdff-6178d3358861" testId="1a0a5048-c5ca-b92a-fc34-c00e09402bc4" testName="Listenarr.Tests.Features.Infrastructure.Library.Moving.AudiobookContentMoveServiceTests.MoveContentsAsync_InvalidOwnedPartial_IsReplacedFromManifestSource" computerName="runnervm5mmn9" duration="00:00:00.0206012" startTime="2026-07-11T00:14:28.7395069+00:00" endTime="2026-07-11T00:14:28.7581597+00:00" testType="13cdc9d9-ddb5-4fa4-a97d-d965ccfc6d4b" outcome="Passed" testListId="8c84fa94-04c1-424b-9868-57a2d4851a1d" relativeResultsDirectory="b5ea548d-fe51-4616-bdff-6178d3358861" />
    <UnitTestResult executionId="2ce9cb42-0e56-4240-9d9e-55e097b1c212" testId="760e4d5e-ff3c-34b7-7b76-01e4c15c52b3" testName="Listenarr.Tests.Features.Infrastructure.Library.Moving.MoveJobProcessorTests.ProcessJobAsync_CaseOnlyMove_OnCaseSensitiveHost_MovesFiles" computerName="runnervm5mmn9" duration="00:00:00.0237502" startTime="2026-07-11T00:14:28.7288269+00:00" endTime="2026-07-11T00:14:28.7531599+00:00" testType="13cdc9d9-ddb5-4fa4-a97d-d965ccfc6d4b" outcome="Passed" testListId="8c84fa94-04c1-424b-9868-57a2d4851a1d" relativeResultsDirectory="2ce9cb42-0e56-4240-9d9e-55e097b1c212" />
    <UnitTestResult executionId="b0322f59-a9f9-4384-9206-7c1bc0de9f6e" testId="d585de72-671a-744b-e81e-f0d7b28c9a3c" testName="Listenarr.Tests.Features.Infrastructure.Persistence.RootFolderReassignmentTransactionTests.ReassignAudiobooksAndRemoveAsync_ActiveMoveInsideTransactionBlocksAllChanges" computerName="runnervm5mmn9" duration="00:00:00.0609577" startTime="2026-07-11T00:14:27.9262666+00:00" endTime="2026-07-11T00:14:28.0863142+00:00" testType="13cdc9d9-ddb5-4fa4-a97d-d965ccfc6d4b" outcome="Passed" testListId="8c84fa94-04c1-424b-9868-57a2d4851a1d" relativeResultsDirectory="b0322f59-a9f9-4384-9206-7c1bc0de9f6e" />
    <UnitTestResult executionId="58ed00df-1836-4371-b99b-da5ee0e2172c" testId="332d06c1-62f8-1257-d8f8-7a589e79004e" testName="Listenarr.Tests.Features.Infrastructure.Library.Moving.MoveJobProcessorTests.ProcessJobAsync_RemovesEmptySourceAncestorsWithinConfiguredRoot" computerName="runnervm5mmn9" duration="00:00:00.0270687" startTime="2026-07-11T00:14:28.2384632+00:00" endTime="2026-07-11T00:14:28.2666970+00:00" testType="13cdc9d9-ddb5-4fa4-a97d-d965ccfc6d4b" outcome="Passed" testListId="8c84fa94-04c1-424b-9868-57a2d4851a1d" relativeResultsDirectory="58ed00df-1836-4371-b99b-da5ee0e2172c" />
    <UnitTestResult executionId="be58b497-72ca-4d63-975c-652c022a7f2e" testId="96cec159-221c-30be-2aeb-7001250fb336" testName="Listenarr.Tests.Features.Architecture.BackendArchitectureTests.Api_DoesNotReferenceInfrastructureImplementationPackages" computerName="runnervm5mmn9" duration="00:00:00.0007895" startTime="2026-07-11T00:14:28.7201544+00:00" endTime="2026-07-11T00:14:28.7207671+00:00" testType="13cdc9d9-ddb5-4fa4-a97d-d965ccfc6d4b" outcome="Passed" testListId="8c84fa94-04c1-424b-9868-57a2d4851a1d" relativeResultsDirectory="be58b497-72ca-4d63-975c-652c022a7f2e" />
    <UnitTestResult executionId="f254df1e-72d4-4a65-b2b8-9edc0302ba3b" testId="992e8cff-e3f2-f842-b6a3-e6bc9126afbd" testName="Listenarr.Tests.Features.Infrastructure.Library.Moving.RootFolderRelocationServiceTests.IsBoundaryProtectedAsync_HonorsPersistedInsensitiveBoundaryMode(useSourceBoundary: True)" computerName="runnervm5mmn9" duration="00:00:00.0141169" startTime="2026-07-11T00:14:29.6394587+00:00" endTime="2026-07-11T00:14:29.7378833+00:00" testType="13cdc9d9-ddb5-4fa4-a97d-d965ccfc6d4b" outcome="Passed" testListId="8c84fa94-04c1-424b-9868-57a2d4851a1d" relativeResultsDirectory="f254df1e-72d4-4a65-b2b8-9edc0302ba3b" />
    <UnitTestResult executionId="4b26fc2c-f631-4b17-820f-88a008ee6358" testId="d8a58b79-c4fd-2bbe-217b-43da6c8da166" testName="Listenarr.Tests.Features.Infrastructure.Library.Moving.AudiobookContentMoveServiceTests.MoveContentsAsync_TargetContainsOnlySourceSubtree_AllowsMove" computerName="runnervm5mmn9" duration="00:00:00.0210883" startTime="2026-07-11T00:14:28.8767949+00:00" endTime="2026-07-11T00:14:28.8962268+00:00" testType="13cdc9d9-ddb5-4fa4-a97d-d965ccfc6d4b" outcome="Passed" testListId="8c84fa94-04c1-424b-9868-57a2d4851a1d" relativeResultsDirectory="4b26fc2c-f631-4b17-820f-88a008ee6358" />
    <UnitTestResult executionId="b1f65bfb-3498-4962-8aad-91ad89e90670" testId="ac618fb2-8a4f-44d3-14e0-ab4dff201621" testName="Listenarr.Tests.Features.Infrastructure.Library.Moving.RootFolderRelocationServiceTests.StartRelocation_RejectsOverlappingActiveStandaloneMove(conflictKind: &quot;audiobook&quot;)" computerName="runnervm5mmn9" duration="00:00:00.0280721" startTime="2026-07-11T00:14:28.9598729+00:00" endTime="2026-07-11T00:14:29.0562715+00:00" testType="13cdc9d9-ddb5-4fa4-a97d-d965ccfc6d4b" outcome="Passed" testListId="8c84fa94-04c1-424b-9868-57a2d4851a1d" relativeResultsDirectory="b1f65bfb-3498-4962-8aad-91ad89e90670" />
    <UnitTestResult executionId="89839261-c0b8-43c6-9f6d-372815d4a146" testId="46f1872b-c15b-439d-a771-1442a2909003" testName="Listenarr.Tests.Features.Architecture.BackendArchitectureTests.FeatureRegistrations_AreOwnedByFeatureModules" computerName="runnervm5mmn9" duration="00:00:00.0048575" startTime="2026-07-11T00:14:28.3245637+00:00" endTime="2026-07-11T00:14:28.3296465+00:00" testType="13cdc9d9-ddb5-4fa4-a97d-d965ccfc6d4b" outcome="Passed" testListId="8c84fa94-04c1-424b-9868-57a2d4851a1d" relativeResultsDirectory="89839261-c0b8-43c6-9f6d-372815d4a146" />
    <UnitTestResult executionId="c1952ae8-61bf-426b-a1b9-925c720ac9cd" testId="7e70041f-227c-e34c-cd4f-5c629f3db8f1" testName="Listenarr.Tests.Features.Application.Audiobooks.RootFolders.RootFolderServiceTests.RootMutation_WaitsForSharedFilesystemMutationCoordinator(operation: &quot;delete&quot;)" computerName="runnervm5mmn9" duration="00:00:00.0658321" startTime="2026-07-11T00:14:27.9444908+00:00" endTime="2026-07-11T00:14:28.0142510+00:00" testType="13cdc9d9-ddb5-4fa4-a97d-d965ccfc6d4b" outcome="Passed" testListId="8c84fa94-04c1-424b-9868-57a2d4851a1d" relativeResultsDirectory="c1952ae8-61bf-426b-a1b9-925c720ac9cd" />
    <UnitTestResult executionId="d3c7b8f8-9942-4957-b905-89ff951f2bef" testId="72be9e89-62fe-c483-daf6-10e6af59cdaa" testName="Listenarr.Tests.Features.Infrastructure.Library.Moving.MoveJobProcessorTests.ProcessJobAsync_TargetContainsFiles_MarksJobFailed" computerName="runnervm5mmn9" duration="00:00:00.0552130" startTime="2026-07-11T00:14:28.4725934+00:00" endTime="2026-07-11T00:14:28.5322905+00:00" testType="13cdc9d9-ddb5-4fa4-a97d-d965ccfc6d4b" outcome="Passed" testListId="8c84fa94-04c1-424b-9868-57a2d4851a1d" relativeResultsDirectory="d3c7b8f8-9942-4957-b905-89ff951f2bef" />
    <UnitTestResult executionId="3e25e51c-0c2c-4c37-80ca-48f5018d22a0" testId="5a76b765-f49d-a1a0-46b6-abd3e4c1ef6a" testName="Listenarr.Tests.Features.Infrastructure.Library.Moving.RootFolderRelocationServiceTests.StartRelocation_BroadcastFailureDoesNotUndoCommittedSaga" computerName="runnervm5mmn9" duration="00:00:00.4039626" startTime="2026-07-11T00:14:27.2048722+00:00" endTime="2026-07-11T00:14:27.7284159+00:00" testType="13cdc9d9-ddb5-4fa4-a97d-d965ccfc6d4b" outcome="Passed" testListId="8c84fa94-04c1-424b-9868-57a2d4851a1d" relativeResultsDirectory="3e25e51c-0c2c-4c37-80ca-48f5018d22a0" />
    <UnitTestResult executionId="bbccfa10-476d-4449-ba4e-e5db900004dc" testId="5416fbf2-8b87-678d-7c3b-1a365b178c3f" testName="Listenarr.Tests.Features.Infrastructure.Library.Moving.AudiobookContentMoveServiceTests.ValidateTargetManifest_RejectsEscapedEntries(relativePath: &quot;/escape.m4b&quot;)" computerName="runnervm5mmn9" duration="00:00:00.0050574" startTime="2026-07-11T00:14:28.8645810+00:00" endTime="2026-07-11T00:14:28.8695475+00:00" testType="13cdc9d9-ddb5-4fa4-a97d-d965ccfc6d4b" outcome="Passed" testListId="8c84fa94-04c1-424b-9868-57a2d4851a1d" relativeResultsDirectory="bbccfa10-476d-4449-ba4e-e5db900004dc" />
    <UnitTestResult executionId="a8bda8a3-6bba-4eb4-ae4c-87f4b788a97c" testId="f7edd7ad-a2a1-59c8-1e32-e2c232f11abf" testName="Listenarr.Tests.Features.Infrastructure.Library.Moving.RootFolderRelocationServiceTests.StartRelocation_RejectsCaseOnlyTargetConflictWhenTargetIsInsensitive" computerName="runnervm5mmn9" duration="00:00:00.0079071" startTime="2026-07-11T00:14:28.8789312+00:00" endTime="2026-07-11T00:14:28.9596238+00:00" testType="13cdc9d9-ddb5-4fa4-a97d-d965ccfc6d4b" outcome="Passed" testListId="8c84fa94-04c1-424b-9868-57a2d4851a1d" relativeResultsDirectory="a8bda8a3-6bba-4eb4-ae4c-87f4b788a97c" />
    <UnitTestResult executionId="12c8e9b4-d1b3-47c3-ad22-ebcece9d4bb2" testId="19be8a05-b834-ed7e-0d9c-f2014ff8c485" testName="Listenarr.Tests.Features.Architecture.BackendArchitectureTests.DurableMoveBoundary_RequiresExplicitFilesystemSemantics" computerName="runnervm5mmn9" duration="00:00:00.0016325" startTime="2026-07-11T00:14:28.2813769+00:00" endTime="2026-07-11T00:14:28.2831744+00:00" testType="13cdc9d9-ddb5-4fa4-a97d-d965ccfc6d4b" outcome="Passed" testListId="8c84fa94-04c1-424b-9868-57a2d4851a1d" relativeResultsDirectory="12c8e9b4-d1b3-47c3-ad22-ebcece9d4bb2" />
    <UnitTestResult executionId="aebf49c9-341f-410c-90f7-991ddf704792" testId="4adc4b37-2634-0bf4-e029-962000045625" testName="Listenarr.Tests.Features.Application.Audiobooks.RootFolders.RootFolderServiceTests.Update_Throws_WhenPathInvalidForCurrentOs" computerName="runnervm5mmn9" duration="00:00:00.0025255" startTime="2026-07-11T00:14:28.2124459+00:00" endTime="2026-07-11T00:14:28.2143533+00:00" testType="13cdc9d9-ddb5-4fa4-a97d-d965ccfc6d4b" outcome="Passed" testListId="8c84fa94-04c1-424b-9868-57a2d4851a1d" relativeResultsDirectory="aebf49c9-341f-410c-90f7-991ddf704792" />
    <UnitTestResult executionId="a728d297-5492-418d-971a-7afe3d4b9628" testId="56b2c7af-6bec-d199-703d-c3f9daa8eef8" testName="Listenarr.Tests.Features.Application.Audiobooks.RootFolders.RootFolderServiceTests.Create_AllowsFilesystemRootPath" computerName="runnervm5mmn9" duration="00:00:00.0024830" startTime="2026-07-11T00:14:28.2164456+00:00" endTime="2026-07-11T00:14:28.2187944+00:00" testType="13cdc9d9-ddb5-4fa4-a97d-d965ccfc6d4b" outcome="Passed" testListId="8c84fa94-04c1-424b-9868-57a2d4851a1d" relativeResultsDirectory="a728d297-5492-418d-971a-7afe3d4b9628" />
    <UnitTestResult executionId="97918140-5141-4baa-9e06-9999d7a6e573" testId="bc5818dc-c451-898b-e8af-752a9fdecdd8" testName="Listenarr.Tests.Features.Infrastructure.Library.Moving.AudiobookContentMoveServiceTests.AtomicRenameMarker_RecoversBeforePhasePersistence" computerName="runnervm5mmn9" duration="00:00:00.0067452" startTime="2026-07-11T00:14:28.7783425+00:00" endTime="2026-07-11T00:14:28.7852551+00:00" testType="13cdc9d9-ddb5-4fa4-a97d-d965ccfc6d4b" outcome="Passed" testListId="8c84fa94-04c1-424b-9868-57a2d4851a1d" relativeResultsDirectory="97918140-5141-4baa-9e06-9999d7a6e573" />
    <UnitTestResult executionId="e3f7eb19-1636-4a96-b2e2-b1ee5f786422" testId="db34dceb-2845-ee41-4ca1-f802b9993a19" testName="Listenarr.Tests.Features.Infrastructure.Library.Moving.MoveJobProcessorTests.ProcessJobAsync_AttemptIncrementLosesLease_DoesNotPublishStaleFailure" computerName="runnervm5mmn9" duration="00:00:00.0427320" startTime="2026-07-11T00:14:27.8547968+00:00" endTime="2026-07-11T00:14:27.8993711+00:00" testType="13cdc9d9-ddb5-4fa4-a97d-d965ccfc6d4b" outcome="Passed" testListId="8c84fa94-04c1-424b-9868-57a2d4851a1d" relativeResultsDirectory="e3f7eb19-1636-4a96-b2e2-b1ee5f786422" />
    <UnitTestResult executionId="3efe6847-a99a-4fff-93e8-70560778fbce" testId="26ec56e7-b0f5-7e37-5d19-582b1fac89d9" testName="Listenarr.Tests.Features.Infrastructure.Library.Moving.MoveJobProcessorTests.ProcessJobAsync_CanceledToken_ThrowsBeforeStateChange" computerName="runnervm5mmn9" duration="00:00:00.0096497" startTime="2026-07-11T00:14:28.2678304+00:00" endTime="2026-07-11T00:14:28.2764801+00:00" testType="13cdc9d9-ddb5-4fa4-a97d-d965ccfc6d4b" outcome="Passed" testListId="8c84fa94-04c1-424b-9868-57a2d4851a1d" relativeResultsDirectory="3efe6847-a99a-4fff-93e8-70560778fbce" />
    <UnitTestResult executionId="0da8c32d-9922-4f11-bd0e-e0085f8ca577" testId="26b96e58-22cd-6543-8ab7-b3b24b186df8" testName="Listenarr.Tests.Features.Infrastructure.Library.Moving.AudiobookContentMoveServiceTests.GetRecoverableMoveAsync_PropagatesCancellationDuringManifestVerification" computerName="runnervm5mmn9" duration="00:00:00.0375756" startTime="2026-07-11T00:14:28.6014686+00:00" endTime="2026-07-11T00:14:28.6357161+00:00" testType="13cdc9d9-ddb5-4fa4-a97d-d965ccfc6d4b" outcome="Passed" testListId="8c84fa94-04c1-424b-9868-57a2d4851a1d" relativeResultsDirectory="0da8c32d-9922-4f11-bd0e-e0085f8ca577" />
    <UnitTestResult executionId="7cd7c2e9-0eb4-4674-8eae-05555d7ae044" testId="7a8fd7c1-3c6c-8ece-069c-f605cd00d64e" testName="Listenarr.Tests.Features.Infrastructure.Library.Moving.AudiobookContentMoveServiceTests.MoveContentsAsync_TargetInsideSource_TargetAlreadyContainsFile_Fails" computerName="runnervm5mmn9" duration="00:00:00.0107119" startTime="2026-07-11T00:14:28.9632862+00:00" endTime="2026-07-11T00:14:28.9727190+00:00" testType="13cdc9d9-ddb5-4fa4-a97d-d965ccfc6d4b" outcome="Passed" testListId="8c84fa94-04c1-424b-9868-57a2d4851a1d" relativeResultsDirectory="7cd7c2e9-0eb4-4674-8eae-05555d7ae044" />
    <UnitTestResult executionId="ecadea55-dff6-42a3-984f-ac9c4bfcf74b" testId="52a1f056-689a-4d8b-41be-303b335248f8" testName="Listenarr.Tests.Features.Infrastructure.Library.Moving.AudiobookContentMoveServiceTests.MoveContentsAsync_JobTempContainsPartialFile_ReplacesItOnRetry" computerName="runnervm5mmn9" duration="00:00:00.0242534" startTime="2026-07-11T00:14:29.1023842+00:00" endTime="2026-07-11T00:14:29.1302887+00:00" testType="13cdc9d9-ddb5-4fa4-a97d-d965ccfc6d4b" outcome="Passed" testListId="8c84fa94-04c1-424b-9868-57a2d4851a1d" relativeResultsDirectory="ecadea55-dff6-42a3-984f-ac9c4bfcf74b" />
    <UnitTestResult executionId="f7d9ece2-0e6a-4435-9414-3e8f770a3fed" testId="3049b811-060b-2260-a276-5eb14ecb6eaa" testName="Listenarr.Tests.Features.Application.Audiobooks.RootFolders.RootFolderServiceTests.Create_Throws_WhenWindowsCaseOnlyDuplicate" computerName="runnervm5mmn9" duration="00:00:00.0009811" startTime="2026-07-11T00:14:28.1308135+00:00" endTime="2026-07-11T00:14:28.1309018+00:00" testType="13cdc9d9-ddb5-4fa4-a97d-d965ccfc6d4b" outcome="Passed" testListId="8c84fa94-04c1-424b-9868-57a2d4851a1d" relativeResultsDirectory="f7d9ece2-0e6a-4435-9414-3e8f770a3fed" />
    <UnitTestResult executionId="e8eb25e2-5880-4b42-ae5d-f5b011b38e45" testId="952235a0-3c03-7494-2efb-5e5ab0706d8a" testName="Listenarr.Tests.Features.Infrastructure.Library.Moving.RootFolderRelocationServiceTests.StartRelocation_RejectsCaseOnlyTargetConflictWithInsensitiveExistingRoot" computerName="runnervm5mmn9" duration="00:00:00.0084451" startTime="2026-07-11T00:14:29.5702521+00:00" endTime="2026-07-11T00:14:29.6390696+00:00" testType="13cdc9d9-ddb5-4fa4-a97d-d965ccfc6d4b" outcome="Passed" testListId="8c84fa94-04c1-424b-9868-57a2d4851a1d" relativeResultsDirectory="e8eb25e2-5880-4b42-ae5d-f5b011b38e45" />
    <UnitTestResult executionId="2e448c1e-1e79-4f30-9cf1-1918ad28f6d8" testId="71c80b82-dcb7-bed0-8165-d3653ebcede5" testName="Listenarr.Tests.Features.Infrastructure.Library.Moving.AudiobookContentMoveServiceTests.MoveContentsAsync_TargetDeepInsideSource_RemovesSiblingContentFromTargetAncestors" computerName="runnervm5mmn9" duration="00:00:00.0234199" startTime="2026-07-11T00:14:28.9729681+00:00" endTime="2026-07-11T00:14:28.9969444+00:00" testType="13cdc9d9-ddb5-4fa4-a97d-d965ccfc6d4b" outcome="Passed" testListId="8c84fa94-04c1-424b-9868-57a2d4851a1d" relativeResultsDirectory="2e448c1e-1e79-4f30-9cf1-1918ad28f6d8" />
    <UnitTestResult executionId="2ded9ce7-a82f-4b17-afbe-801f967efb10" testId="b01b0040-cde2-5b50-c16d-dde01a7465cd" testName="Listenarr.Tests.Features.Infrastructure.Library.Moving.MoveJobProcessorTests.ProcessJobAsync_DeleteEmptySourceFalse_KeepsEmptySourceDirectory" computerName="runnervm5mmn9" duration="00:00:00.0963495" startTime="2026-07-11T00:14:28.5395721+00:00" endTime="2026-07-11T00:14:28.6316708+00:00" testType="13cdc9d9-ddb5-4fa4-a97d-d965ccfc6d4b" outcome="Passed" testListId="8c84fa94-04c1-424b-9868-57a2d4851a1d" relativeResultsDirectory="2ded9ce7-a82f-4b17-afbe-801f967efb10" />
    <UnitTestResult executionId="5008990c-8014-490a-ab94-6308a7a365b9" testId="1750d57c-d0c1-8a61-7627-c11410e8d4e6" testName="Listenarr.Tests.Features.Application.Audiobooks.RootFolders.RootFolderServiceTests.Create_Throws_WhenRequestedRootContainsExistingRoot" computerName="runnervm5mmn9" duration="00:00:00.0039160" startTime="2026-07-11T00:14:28.1395143+00:00" endTime="2026-07-11T00:14:28.1422746+00:00" testType="13cdc9d9-ddb5-4fa4-a97d-d965ccfc6d4b" outcome="Passed" testListId="8c84fa94-04c1-424b-9868-57a2d4851a1d" relativeResultsDirectory="5008990c-8014-490a-ab94-6308a7a365b9" />
    <UnitTestResult executionId="39c06e99-06c2-46bb-ae19-fd26a90ac8fd" testId="861627dc-b6c7-3846-5c6a-47068b6a6269" testName="Listenarr.Tests.Features.Infrastructure.Library.Moving.RootFolderRelocationServiceTests.StartRelocation_RejectsNestedTargetConflictWithInsensitiveExistingRoot" computerName="runnervm5mmn9" duration="00:00:00.0093638" startTime="2026-07-11T00:14:30.2120909+00:00" endTime="2026-07-11T00:14:30.2762125+00:00" testType="13cdc9d9-ddb5-4fa4-a97d-d965ccfc6d4b" outcome="Passed" testListId="8c84fa94-04c1-424b-9868-57a2d4851a1d" relativeResultsDirectory="39c06e99-06c2-46bb-ae19-fd26a90ac8fd" />
    <UnitTestResult executionId="3c44dce3-0574-4dbe-9778-b34618e978d4" testId="a7fda4a8-4eee-0b6a-5d32-3c5aefdc69b0" testName="Listenarr.Tests.Features.Architecture.BackendArchitectureTests.Domain_DoesNotImplementFilesystemAccess" computerName="runnervm5mmn9" duration="00:00:00.0114388" startTime="2026-07-11T00:14:28.6891127+00:00" endTime="2026-07-11T00:14:28.7011140+00:00" testType="13cdc9d9-ddb5-4fa4-a97d-d965ccfc6d4b" outcome="Passed" testListId="8c84fa94-04c1-424b-9868-57a2d4851a1d" relativeResultsDirectory="3c44dce3-0574-4dbe-9778-b34618e978d4" />
    <UnitTestResult executionId="77104c1f-58aa-4a28-b29b-aaff60ba9441" testId="ed661852-2d19-e870-cb93-b346c91ca1e5" testName="Listenarr.Tests.Features.Infrastructure.Library.Moving.RootFolderRelocationServiceTests.MetadataOnly_SourceRootFilePathReferencesAreRewrittenWithoutAttentionRecord" computerName="runnervm5mmn9" duration="00:00:00.0200419" startTime="2026-07-11T00:14:30.5145374+00:00" endTime="2026-07-11T00:14:30.5951327+00:00" testType="13cdc9d9-ddb5-4fa4-a97d-d965ccfc6d4b" outcome="Passed" testListId="8c84fa94-04c1-424b-9868-57a2d4851a1d" relativeResultsDirectory="77104c1f-58aa-4a28-b29b-aaff60ba9441" />
    <UnitTestResult executionId="658f45ae-227d-4e6f-9420-b132b30821eb" testId="a6027d26-0a61-2985-ff10-29e94a0c2a59" testName="Listenarr.Tests.Features.Architecture.BackendArchitectureTests.RootFolderRelocation_UsesSharedRootFolderPathValidation" computerName="runnervm5mmn9" duration="00:00:00.0007974" startTime="2026-07-11T00:14:28.2778561+00:00" endTime="2026-07-11T00:14:28.2788436+00:00" testType="13cdc9d9-ddb5-4fa4-a97d-d965ccfc6d4b" outcome="Passed" testListId="8c84fa94-04c1-424b-9868-57a2d4851a1d" relativeResultsDirectory="658f45ae-227d-4e6f-9420-b132b30821eb" />
    <UnitTestResult executionId="5bf51e56-964b-4eff-aff2-a9189c9c81a5" testId="2f89398b-a301-02ce-ef07-adce65f5f744" testName="Listenarr.Tests.Features.Application.Audiobooks.RootFolders.RootFolderServiceTests.Delete_Throws_WhenActiveMoveJobTouchesDestinationPathInsideRoot" computerName="runnervm5mmn9" duration="00:00:00.0068024" startTime="2026-07-11T00:14:28.1310999+00:00" endTime="2026-07-11T00:14:28.1392692+00:00" testType="13cdc9d9-ddb5-4fa4-a97d-d965ccfc6d4b" outcome="Passed" testListId="8c84fa94-04c1-424b-9868-57a2d4851a1d" relativeResultsDirectory="5bf51e56-964b-4eff-aff2-a9189c9c81a5" />
    <UnitTestResult executionId="8bfda2ee-01d1-4db5-b801-67492f8f5695" testId="6313ffe7-100a-8b6a-3909-f0134ea85ee0" testName="Listenarr.Tests.Features.Infrastructure.Library.Moving.AudiobookContentMoveServiceTests.ResumeSourceCleanup_SourceAndQuarantineBothExist_BlocksCleanup" computerName="runnervm5mmn9" duration="00:00:00.0227847" startTime="2026-07-11T00:14:28.6478801+00:00" endTime="2026-07-11T00:14:28.6716051+00:00" testType="13cdc9d9-ddb5-4fa4-a97d-d965ccfc6d4b" outcome="Passed" testListId="8c84fa94-04c1-424b-9868-57a2d4851a1d" relativeResultsDirectory="8bfda2ee-01d1-4db5-b801-67492f8f5695" />
    <UnitTestResult executionId="bef4aa5e-b4f0-4e30-b2c4-50e6b267b3c8" testId="52f814ec-cfa0-5cb4-dde0-5e582d2503ba" testName="Listenarr.Tests.Features.Api.Features.Library.LibraryController_UpdateAudiobookTests.UpdateAudiobook_OmittedBooleansRemainUnchanged" computerName="runnervm5mmn9" duration="00:00:00.0342432" startTime="2026-07-11T00:14:27.3434893+00:00" endTime="2026-07-11T00:14:27.3779840+00:00" testType="13cdc9d9-ddb5-4fa4-a97d-d965ccfc6d4b" outcome="Passed" testListId="8c84fa94-04c1-424b-9868-57a2d4851a1d" relativeResultsDirectory="bef4aa5e-b4f0-4e30-b2c4-50e6b267b3c8" />
    <UnitTestResult executionId="64f0a65a-2a09-435d-86a7-313030f699a5" testId="e4d9c4d3-0aa7-aeee-1509-ee83ba152752" testName="Listenarr.Tests.Features.Application.Audiobooks.RootFolders.RootFolderServiceTests.Create_Throws_WhenPathDuplicate" computerName="runnervm5mmn9" duration="00:00:00.0033881" startTime="2026-07-11T00:14:27.6226687+00:00" endTime="2026-07-11T00:14:27.6259000+00:00" testType="13cdc9d9-ddb5-4fa4-a97d-d965ccfc6d4b" outcome="Passed" testListId="8c84fa94-04c1-424b-9868-57a2d4851a1d" relativeResultsDirectory="64f0a65a-2a09-435d-86a7-313030f699a5" />
    <UnitTestResult executionId="3aa1288d-6bfb-44cd-af91-31d3ff6bf4b5" testId="e2246755-93b1-b552-4721-b7a080e7a806" testName="Listenarr.Tests.Features.Architecture.BackendArchitectureTests.Application_DoesNotImplementFilesystemAccess" computerName="runnervm5mmn9" duration="00:00:00.0191010" startTime="2026-07-11T00:14:28.7052530+00:00" endTime="2026-07-11T00:14:28.7199217+00:00" testType="13cdc9d9-ddb5-4fa4-a97d-d965ccfc6d4b" outcome="Passed" testListId="8c84fa94-04c1-424b-9868-57a2d4851a1d" relativeResultsDirectory="3aa1288d-6bfb-44cd-af91-31d3ff6bf4b5" />
    <UnitTestResult executionId="0ce9f752-ecd3-48f3-839f-138d30c43de4" testId="48fd645e-0ab6-73d0-1343-ba8621507d57" testName="Listenarr.Tests.Features.Infrastructure.Library.Moving.RootFolderRelocationServiceTests.ConcurrentRelocationFirst_BlocksWaitingMoveAfterRelocationIsPersisted" computerName="runnervm5mmn9" duration="00:00:00.0786258" startTime="2026-07-11T00:14:29.8954646+00:00" endTime="2026-07-11T00:14:30.0315429+00:00" testType="13cdc9d9-ddb5-4fa4-a97d-d965ccfc6d4b" outcome="Passed" testListId="8c84fa94-04c1-424b-9868-57a2d4851a1d" relativeResultsDirectory="0ce9f752-ecd3-48f3-839f-138d30c43de4" />
    <UnitTestResult executionId="223a0b2c-d437-4cb4-92a5-0b060b25b402" testId="edb6c034-d942-3eed-4cb8-ae7b3cc453b1" testName="Listenarr.Tests.Features.Infrastructure.Library.Moving.MoveJobProcessorTests.ProcessJobAsync_FilesystemMoveAlreadyCompleted_FinalizesDatabaseState" computerName="runnervm5mmn9" duration="00:00:00.0728893" startTime="2026-07-11T00:14:28.6319204+00:00" endTime="2026-07-11T00:14:28.7102775+00:00" testType="13cdc9d9-ddb5-4fa4-a97d-d965ccfc6d4b" outcome="Passed" testListId="8c84fa94-04c1-424b-9868-57a2d4851a1d" relativeResultsDirectory="223a0b2c-d437-4cb4-92a5-0b060b25b402" />
    <UnitTestResult executionId="76343892-b256-4ce6-8eb5-45771aca554d" testId="5f9e3578-bad3-95b9-7383-a8741247c0c1" testName="Listenarr.Tests.Features.Infrastructure.Library.Moving.RootFolderRelocationServiceTests.MetadataOnlyPathChange_ForeignSyntaxRoot_RewritesRawStoredAudiobookPaths" computerName="runnervm5mmn9" duration="00:00:00.1333905" startTime="2026-07-11T00:14:28.2634281+00:00" endTime="2026-07-11T00:14:28.5161709+00:00" testType="13cdc9d9-ddb5-4fa4-a97d-d965ccfc6d4b" outcome="Passed" testListId="8c84fa94-04c1-424b-9868-57a2d4851a1d" relativeResultsDirectory="76343892-b256-4ce6-8eb5-45771aca554d" />
    <UnitTestResult executionId="f591d599-a090-4e11-a058-c0e7e96085dc" testId="e5c894cc-e332-7047-6d64-d6c155713504" testName="Listenarr.Tests.Features.Infrastructure.Library.Moving.AudiobookContentMoveServiceTests.FinalizeMove_ExistingEmptyTarget_PrunesSourceParentAfterNestedQuarantineCleanup" computerName="runnervm5mmn9" duration="00:00:00.0253225" startTime="2026-07-11T00:14:29.0571014+00:00" endTime="2026-07-11T00:14:29.0873190+00:00" testType="13cdc9d9-ddb5-4fa4-a97d-d965ccfc6d4b" outcome="Passed" testListId="8c84fa94-04c1-424b-9868-57a2d4851a1d" relativeResultsDirectory="f591d599-a090-4e11-a058-c0e7e96085dc" />
    <UnitTestResult executionId="b5469bad-9ae2-4bae-85bc-c6e926a5d122" testId="cde990b1-ba18-86ca-ddf7-634be38cdca5" testName="Listenarr.Tests.Features.Architecture.BackendArchitectureTests.DirectDownloadProcessor_DoesNotContainSourceSpecificTrustRules" computerName="runnervm5mmn9" duration="00:00:00.0006556" startTime="2026-07-11T00:14:28.3300397+00:00" endTime="2026-07-11T00:14:28.3308832+00:00" testType="13cdc9d9-ddb5-4fa4-a97d-d965ccfc6d4b" outcome="Passed" testListId="8c84fa94-04c1-424b-9868-57a2d4851a1d" relativeResultsDirectory="b5469bad-9ae2-4bae-85bc-c6e926a5d122" />
    <UnitTestResult executionId="1d84dfa0-2df2-4343-945c-6e248aafa2a6" testId="0747ece7-b525-16b5-6dc6-7b2004f56fd2" testName="Listenarr.Tests.Features.Infrastructure.Library.Moving.RootFolderRelocationServiceTests.RetryAsync_CancelledWhileWaiting_DoesNotMutateOrBroadcast" computerName="runnervm5mmn9" duration="00:00:00.0159983" startTime="2026-07-11T00:14:31.7409933+00:00" endTime="2026-07-11T00:14:31.8194022+00:00" testType="13cdc9d9-ddb5-4fa4-a97d-d965ccfc6d4b" outcome="Passed" testListId="8c84fa94-04c1-424b-9868-57a2d4851a1d" relativeResultsDirectory="1d84dfa0-2df2-4343-945c-6e248aafa2a6" />
    <UnitTestResult executionId="fd4fa0d7-0cef-4cb6-a9b5-955a716acfa2" testId="3d303f14-5ef9-497b-8f9f-305c0b16e7ed" testName="Listenarr.Tests.Features.Infrastructure.Library.Moving.AudiobookContentMoveServiceTests.MoveContentsAsync_ValidOwnedPartial_PublishesFromPersistedManifest" computerName="runnervm5mmn9" duration="00:00:00.0269839" startTime="2026-07-11T00:14:28.8355905+00:00" endTime="2026-07-11T00:14:28.8642966+00:00" testType="13cdc9d9-ddb5-4fa4-a97d-d965ccfc6d4b" outcome="Passed" testListId="8c84fa94-04c1-424b-9868-57a2d4851a1d" relativeResultsDirectory="fd4fa0d7-0cef-4cb6-a9b5-955a716acfa2" />
    <UnitTestResult executionId="31fe2cb5-cb65-4bdc-9735-5fa9cb40c05e" testId="34ff9f6c-fbaf-e586-6d8f-4f3ab45b923f" testName="Listenarr.Tests.Features.Architecture.BackendArchitectureTests.DomainAndApplication_DoNotReferenceImplementationProjects" computerName="runnervm5mmn9" duration="00:00:00.0029006" startTime="2026-07-11T00:14:28.2836717+00:00" endTime="2026-07-11T00:14:28.2867179+00:00" testType="13cdc9d9-ddb5-4fa4-a97d-d965ccfc6d4b" outcome="Passed" testListId="8c84fa94-04c1-424b-9868-57a2d4851a1d" relativeResultsDirectory="31fe2cb5-cb65-4bdc-9735-5fa9cb40c05e" />
    <UnitTestResult executionId="a91b6f32-1f99-404d-a235-8f3865cdfa4e" testId="8f03d0a4-7bbc-33f9-6799-df6ceb910b84" testName="Listenarr.Tests.Features.Infrastructure.Library.Moving.AudiobookContentMoveServiceTests.MoveContentsAsync_TargetContainsUnrelatedFiles_Fails" computerName="runnervm5mmn9" duration="00:00:00.0172583" startTime="2026-07-11T00:14:28.6931642+00:00" endTime="2026-07-11T00:14:28.7116306+00:00" testType="13cdc9d9-ddb5-4fa4-a97d-d965ccfc6d4b" outcome="Passed" testListId="8c84fa94-04c1-424b-9868-57a2d4851a1d" relativeResultsDirectory="a91b6f32-1f99-404d-a235-8f3865cdfa4e" />
    <UnitTestResult executionId="8f622417-2219-4815-9711-928d1cf3c600" testId="edfb95b1-047e-3c3e-3ef4-6f15ec62de46" testName="Listenarr.Tests.Features.Application.Audiobooks.RootFolders.RootFolderServiceTests.RootMutation_WaitsForSharedFilesystemMutationCoordinator(operation: &quot;create&quot;)" computerName="runnervm5mmn9" duration="00:00:00.0718906" startTime="2026-07-11T00:14:27.8714947+00:00" endTime="2026-07-11T00:14:27.9442919+00:00" testType="13cdc9d9-ddb5-4fa4-a97d-d965ccfc6d4b" outcome="Passed" testListId="8c84fa94-04c1-424b-9868-57a2d4851a1d" relativeResultsDirectory="8f622417-2219-4815-9711-928d1cf3c600" />
    <UnitTestResult executionId="64de63c2-8b8c-469c-a34b-a47c54ba853b" testId="3db3f8ef-802b-d845-23b3-455b41f4cfaf" testName="Listenarr.Tests.Features.Application.Audiobooks.RootFolders.RootFolderServiceTests.Constructor_Throws_WhenSemanticsResolverMissing" computerName="runnervm5mmn9" duration="00:00:00.0020693" startTime="2026-07-11T00:14:28.2666233+00:00" endTime="2026-07-11T00:14:28.2687900+00:00" testType="13cdc9d9-ddb5-4fa4-a97d-d965ccfc6d4b" outcome="Passed" testListId="8c84fa94-04c1-424b-9868-57a2d4851a1d" relativeResultsDirectory="64de63c2-8b8c-469c-a34b-a47c54ba853b" />
    <UnitTestResult executionId="cefa26d8-47ae-407b-9e75-cbcf18cc1b69" testId="e172b52d-9c98-574d-c31d-0c3feae3aa24" testName="Listenarr.Tests.Features.Application.Audiobooks.RootFolders.RootFolderServiceTests.Delete_Throws_WhenReferencedWithoutReassign" computerName="runnervm5mmn9" duration="00:00:00.0121886" startTime="2026-07-11T00:14:27.6077281+00:00" endTime="2026-07-11T00:14:27.6202657+00:00" testType="13cdc9d9-ddb5-4fa4-a97d-d965ccfc6d4b" outcome="Passed" testListId="8c84fa94-04c1-424b-9868-57a2d4851a1d" relativeResultsDirectory="cefa26d8-47ae-407b-9e75-cbcf18cc1b69" />
    <UnitTestResult executionId="3d7a694c-3b60-479b-8f1e-8231fd4d5be0" testId="dc58991b-6fb9-1d78-e243-a77fe86d2da9" testName="Listenarr.Tests.Features.Api.Features.Library.LibraryController_DeleteLinkSafetyTests.FilesystemDelete_LinkedDirectoryDoesNotDeleteExternalFiles" computerName="runnervm5mmn9" duration="00:00:00.0364700" startTime="2026-07-11T00:14:28.3561480+00:00" endTime="2026-07-11T00:14:28.3973066+00:00" testType="13cdc9d9-ddb5-4fa4-a97d-d965ccfc6d4b" outcome="Passed" testListId="8c84fa94-04c1-424b-9868-57a2d4851a1d" relativeResultsDirectory="3d7a694c-3b60-479b-8f1e-8231fd4d5be0" />
    <UnitTestResult executionId="feb831fb-d95d-4786-af85-97ce900c91f8" testId="b954a545-82d2-f9b2-c020-d2fbd5b6e44c" testName="Listenarr.Tests.Features.Application.Audiobooks.RootFolders.RootFolderServiceTests.Update_AllowsOwnNormalizedEquivalentPath" computerName="runnervm5mmn9" duration="00:00:00.0038485" startTime="2026-07-11T00:14:28.1475156+00:00" endTime="2026-07-11T00:14:28.1492041+00:00" testType="13cdc9d9-ddb5-4fa4-a97d-d965ccfc6d4b" outcome="Passed" testListId="8c84fa94-04c1-424b-9868-57a2d4851a1d" relativeResultsDirectory="feb831fb-d95d-4786-af85-97ce900c91f8" />
    <UnitTestResult executionId="3dd94323-911a-420e-8ede-f085cfbfcec9" testId="86f1478d-28db-44f9-dcbe-95050542d289" testName="Listenarr.Tests.Features.Infrastructure.Library.Moving.RootFolderRelocationServiceTests.CompletedJobs_FinalizeRootOnlyAfterEveryAudiobookPathMoved" computerName="runnervm5mmn9" duration="00:00:00.0561135" startTime="2026-07-11T00:14:30.5955126+00:00" endTime="2026-07-11T00:14:30.7058951+00:00" testType="13cdc9d9-ddb5-4fa4-a97d-d965ccfc6d4b" outcome="Passed" testListId="8c84fa94-04c1-424b-9868-57a2d4851a1d" relativeResultsDirectory="3dd94323-911a-420e-8ede-f085cfbfcec9" />
    <UnitTestResult executionId="80cfd8ad-6abc-4b01-87c2-3f4bd9a376bd" testId="00d5fd4c-0ff0-ba3b-d161-33b83b140905" testName="Listenarr.Tests.Features.Infrastructure.Library.Moving.AudiobookContentMoveServiceTests.MoveContentsAsync_InvalidLeaseState_DoesNotMutateFilesystem(invalidState: &quot;status&quot;)" computerName="runnervm5mmn9" duration="00:00:00.0343864" startTime="2026-07-11T00:14:28.3976206+00:00" endTime="2026-07-11T00:14:28.4308936+00:00" testType="13cdc9d9-ddb5-4fa4-a97d-d965ccfc6d4b" outcome="Passed" testListId="8c84fa94-04c1-424b-9868-57a2d4851a1d" relativeResultsDirectory="80cfd8ad-6abc-4b01-87c2-3f4bd9a376bd" />
    <UnitTestResult executionId="92c5996e-31a2-411d-8481-040d457913d8" testId="0edf490c-17b0-911d-abb5-08a4a9661d87" testName="Listenarr.Tests.Features.Infrastructure.Library.Moving.RootFolderRelocationServiceTests.IsBoundaryProtectedAsync_BlocksContainmentInEitherDirection(relationship: &quot;parent&quot;)" computerName="runnervm5mmn9" duration="00:00:00.0095970" startTime="2026-07-11T00:14:31.0365846+00:00" endTime="2026-07-11T00:14:31.0998498+00:00" testType="13cdc9d9-ddb5-4fa4-a97d-d965ccfc6d4b" outcome="Passed" testListId="8c84fa94-04c1-424b-9868-57a2d4851a1d" relativeResultsDirectory="92c5996e-31a2-411d-8481-040d457913d8" />
    <UnitTestResult executionId="984de6bf-c51f-4baf-8144-f90ced031811" testId="7a110a0b-75ac-e8d3-84a4-30c277f812f0" testName="Listenarr.Tests.Features.Infrastructure.Library.Moving.RootFolderRelocationServiceTests.MetadataOnly_SourceRootFilePathCompletesWithoutRetry" computerName="runnervm5mmn9" duration="00:00:00.0803537" startTime="2026-07-11T00:14:28.0322919+00:00" endTime="2026-07-11T00:14:28.2630329+00:00" testType="13cdc9d9-ddb5-4fa4-a97d-d965ccfc6d4b" outcome="Passed" testListId="8c84fa94-04c1-424b-9868-57a2d4851a1d" relativeResultsDirectory="984de6bf-c51f-4baf-8144-f90ced031811" />
    <UnitTestResult executionId="8e54e71b-9023-414b-918a-a240881b8544" testId="1e961401-7bbc-e604-0ba5-d9a6fc41c830" testName="Listenarr.Tests.Features.Application.Audiobooks.RootFolders.RootFolderServiceTests.Update_MoveEnqueueFailure_IsPropagated" computerName="runnervm5mmn9" duration="00:00:00.0368696" startTime="2026-07-11T00:14:27.5630883+00:00" endTime="2026-07-11T00:14:27.6003059+00:00" testType="13cdc9d9-ddb5-4fa4-a97d-d965ccfc6d4b" outcome="Passed" testListId="8c84fa94-04c1-424b-9868-57a2d4851a1d" relativeResultsDirectory="8e54e71b-9023-414b-918a-a240881b8544" />
    <UnitTestResult executionId="3e3691b6-3189-4b6a-8ada-50e12a8784eb" testId="8f8dbdd1-5b54-991b-651a-468b99e1b0d6" testName="Listenarr.Tests.Features.Infrastructure.Library.Moving.RootFolderRelocationServiceTests.IsBoundaryProtectedAsync_BlocksContainmentInEitherDirection(relationship: &quot;child&quot;)" computerName="runnervm5mmn9" duration="00:00:00.0104671" startTime="2026-07-11T00:14:31.1001408+00:00" endTime="2026-07-11T00:14:31.1630945+00:00" testType="13cdc9d9-ddb5-4fa4-a97d-d965ccfc6d4b" outcome="Passed" testListId="8c84fa94-04c1-424b-9868-57a2d4851a1d" relativeResultsDirectory="3e3691b6-3189-4b6a-8ada-50e12a8784eb" />
    <UnitTestResult executionId="bdc55414-9283-4c92-8ced-b476102111a3" testId="41db2fa2-a2bb-2f1b-39b0-a3ad22088414" testName="Listenarr.Tests.Features.Infrastructure.Library.Moving.MoveJobProcessorTests.ProcessJobAsync_MissingSourceAndTarget_MarksJobFailed" computerName="runnervm5mmn9" duration="00:00:00.0191390" startTime="2026-07-11T00:14:28.7115698+00:00" endTime="2026-07-11T00:14:28.7284314+00:00" testType="13cdc9d9-ddb5-4fa4-a97d-d965ccfc6d4b" outcome="Passed" testListId="8c84fa94-04c1-424b-9868-57a2d4851a1d" relativeResultsDirectory="bdc55414-9283-4c92-8ced-b476102111a3" />
    <UnitTestResult executionId="58e47ca3-c5ff-4f8c-9ffa-f7f829d1dcf1" testId="9e8d1a18-321d-be25-5d69-8e7fbaec384f" testName="Listenarr.Tests.Features.Api.Features.Library.LibraryUpdateWorkflowTests.UpdateAsync_DestinationOnlyRewrite_DoesNotIssueMetadataWrite" computerName="runnervm5mmn9" duration="00:00:00.0053327" startTime="2026-07-11T00:14:25.4042736+00:00" endTime="2026-07-11T00:14:25.4043445+00:00" testType="13cdc9d9-ddb5-4fa4-a97d-d965ccfc6d4b" outcome="Passed" testListId="8c84fa94-04c1-424b-9868-57a2d4851a1d" relativeResultsDirectory="58e47ca3-c5ff-4f8c-9ffa-f7f829d1dcf1" />
    <UnitTestResult executionId="114267b5-59d4-4955-a2b6-fbba46ee8fbd" testId="28fac187-6fb7-570c-97c3-4712506d140e" testName="Listenarr.Tests.Features.Architecture.BackendArchitectureTests.ScannerAndMetadataBoundaries_RequireExplicitFilesystemSemantics" computerName="runnervm5mmn9" duration="00:00:00.0067198" startTime="2026-07-11T00:14:28.6131670+00:00" endTime="2026-07-11T00:14:28.6132903+00:00" testType="13cdc9d9-ddb5-4fa4-a97d-d965ccfc6d4b" outcome="Passed" testListId="8c84fa94-04c1-424b-9868-57a2d4851a1d" relativeResultsDirectory="114267b5-59d4-4955-a2b6-fbba46ee8fbd" />
    <UnitTestResult executionId="743b4a0a-937e-4b41-bfaf-5035cc76dd40" testId="1915ff96-b3c3-34e6-f3a8-768f8e22f1d0" testName="Listenarr.Tests.Features.Infrastructure.Library.Moving.AudiobookContentMoveServiceTests.ValidateTargetManifest_CaseOnlyEntriesFollowTargetSemantics(targetCaseSensitivity: Sensitive, shouldReject: False)" computerName="runnervm5mmn9" duration="00:00:00.0093560" startTime="2026-07-11T00:14:28.6718592+00:00" endTime="2026-07-11T00:14:28.6811086+00:00" testType="13cdc9d9-ddb5-4fa4-a97d-d965ccfc6d4b" outcome="Passed" testListId="8c84fa94-04c1-424b-9868-57a2d4851a1d" relativeResultsDirectory="743b4a0a-937e-4b41-bfaf-5035cc76dd40" />
    <UnitTestResult executionId="0b3da594-b8f0-4c9e-bb9a-a011043ead98" testId="883e9400-72a8-08be-6e51-39ce0b887d0c" testName="Listenarr.Tests.Features.Api.Features.Library.LibraryController_UpdateAudiobookTests.UpdateAudiobook_LegacyBasePathOutsideConfiguredRoots_IsRejected" computerName="runnervm5mmn9" duration="00:00:00.0243208" startTime="2026-07-11T00:14:27.5362926+00:00" endTime="2026-07-11T00:14:27.5599091+00:00" testType="13cdc9d9-ddb5-4fa4-a97d-d965ccfc6d4b" outcome="Passed" testListId="8c84fa94-04c1-424b-9868-57a2d4851a1d" relativeResultsDirectory="0b3da594-b8f0-4c9e-bb9a-a011043ead98" />
    <UnitTestResult executionId="083dd206-bc16-4111-8d92-7a55f7a7ff4a" testId="ff425805-d080-093e-6b5b-d94d57e3372f" testName="Listenarr.Tests.Features.Infrastructure.Library.Moving.AudiobookContentMoveServiceTests.MoveContentsAsync_InvalidLeaseState_DoesNotMutateFilesystem(invalidState: &quot;generation&quot;)" computerName="runnervm5mmn9" duration="00:00:00.0208680" startTime="2026-07-11T00:14:28.4312845+00:00" endTime="2026-07-11T00:14:28.4612786+00:00" testType="13cdc9d9-ddb5-4fa4-a97d-d965ccfc6d4b" outcome="Passed" testListId="8c84fa94-04c1-424b-9868-57a2d4851a1d" relativeResultsDirectory="083dd206-bc16-4111-8d92-7a55f7a7ff4a" />
    <UnitTestResult executionId="bdecf25c-e6f7-4125-a213-bad5e3590b8a" testId="624bf60e-039d-a906-f204-c980c007b53c" testName="Listenarr.Tests.Features.Application.Audiobooks.RootFolders.RootFolderServiceTests.Create_AllowsWindowsCurrentDriveRootPath" computerName="runnervm5mmn9" duration="00:00:00.0009483" startTime="2026-07-11T00:14:27.5613662+00:00" endTime="2026-07-11T00:14:27.5628599+00:00" testType="13cdc9d9-ddb5-4fa4-a97d-d965ccfc6d4b" outcome="Passed" testListId="8c84fa94-04c1-424b-9868-57a2d4851a1d" relativeResultsDirectory="bdecf25c-e6f7-4125-a213-bad5e3590b8a" />
    <UnitTestResult executionId="aee000ca-0e12-4fb9-ad4d-241cc1bb0070" testId="00eb733d-1ec7-bf59-1988-1cc1aafdde75" testName="Listenarr.Tests.Features.Application.Audiobooks.RootFolders.RootFolderServiceTests.Create_Throws_WhenPathContainsCurrentDirectorySegment" computerName="runnervm5mmn9" duration="00:00:00.0019236" startTime="2026-07-11T00:14:28.1278621+00:00" endTime="2026-07-11T00:14:28.1296131+00:00" testType="13cdc9d9-ddb5-4fa4-a97d-d965ccfc6d4b" outcome="Passed" testListId="8c84fa94-04c1-424b-9868-57a2d4851a1d" relativeResultsDirectory="aee000ca-0e12-4fb9-ad4d-241cc1bb0070" />
    <UnitTestResult executionId="b34bd8a8-ae49-445f-b4c4-39ce4ac3c9cf" testId="45921abe-03b3-dd69-2c6c-74c1730155ec" testName="Listenarr.Tests.Features.Architecture.BackendArchitectureTests.Application_DoesNotBlockOnAsyncOperations" computerName="runnervm5mmn9" duration="00:00:00.0179579" startTime="2026-07-11T00:14:28.5752059+00:00" endTime="2026-07-11T00:14:28.5917703+00:00" testType="13cdc9d9-ddb5-4fa4-a97d-d965ccfc6d4b" outcome="Passed" testListId="8c84fa94-04c1-424b-9868-57a2d4851a1d" relativeResultsDirectory="b34bd8a8-ae49-445f-b4c4-39ce4ac3c9cf" />
    <UnitTestResult executionId="a5707bdb-1edc-4793-88cc-8f4f651ef11a" testId="d2d5dfa6-0148-9cea-e473-d61222eb4245" testName="Listenarr.Tests.Features.Infrastructure.Persistence.RootFolderReassignmentTransactionTests.ReassignAudiobooksAndRemoveAsync_RootEqualReferencesRewriteAndRelativeReferencesRemain" computerName="runnervm5mmn9" duration="00:00:00.0463256" startTime="2026-07-11T00:14:27.6115047+00:00" endTime="2026-07-11T00:14:27.7623682+00:00" testType="13cdc9d9-ddb5-4fa4-a97d-d965ccfc6d4b" outcome="Passed" testListId="8c84fa94-04c1-424b-9868-57a2d4851a1d" relativeResultsDirectory="a5707bdb-1edc-4793-88cc-8f4f651ef11a" />
    <UnitTestResult executionId="b0568dbe-b3ed-40f1-a154-c1af2b67402c" testId="b772849c-9589-3c0b-5520-f13e634cbae3" testName="Listenarr.Tests.Features.Application.Audiobooks.RootFolders.RootFolderServiceTests.RootMutation_WaitsForSharedFilesystemMutationCoordinator(operation: &quot;update&quot;)" computerName="runnervm5mmn9" duration="00:00:00.2448247" startTime="2026-07-11T00:14:27.6309893+00:00" endTime="2026-07-11T00:14:27.8712742+00:00" testType="13cdc9d9-ddb5-4fa4-a97d-d965ccfc6d4b" outcome="Passed" testListId="8c84fa94-04c1-424b-9868-57a2d4851a1d" relativeResultsDirectory="b0568dbe-b3ed-40f1-a154-c1af2b67402c" />
    <UnitTestResult executionId="52d4b314-d995-4329-b060-c50de07147bd" testId="e02bfcb6-3169-ef5d-2c7d-5bff991f5094" testName="Listenarr.Tests.Features.Architecture.BackendArchitectureTests.ConcreteDownloadAdapters_DoNotExposeLegacyFetchDownloadsAsync" computerName="runnervm5mmn9" duration="00:00:00.0095191" startTime="2026-07-11T00:14:28.6790174+00:00" endTime="2026-07-11T00:14:28.6887263+00:00" testType="13cdc9d9-ddb5-4fa4-a97d-d965ccfc6d4b" outcome="Passed" testListId="8c84fa94-04c1-424b-9868-57a2d4851a1d" relativeResultsDirectory="52d4b314-d995-4329-b060-c50de07147bd" />
    <UnitTestResult executionId="9a2f71dd-ef4c-4680-a367-f6ef1791fe39" testId="e3b686b3-de32-5a0e-f3d7-3703d9a1ceb8" testName="Listenarr.Tests.Features.Infrastructure.Library.Moving.RootFolderRelocationServiceTests.ConcurrentMoveFirst_BlocksWaitingRelocationAfterMoveIsPersisted" computerName="runnervm5mmn9" duration="00:00:00.0802657" startTime="2026-07-11T00:14:31.3942040+00:00" endTime="2026-07-11T00:14:31.5276994+00:00" testType="13cdc9d9-ddb5-4fa4-a97d-d965ccfc6d4b" outcome="Passed" testListId="8c84fa94-04c1-424b-9868-57a2d4851a1d" relativeResultsDirectory="9a2f71dd-ef4c-4680-a367-f6ef1791fe39" />
    <UnitTestResult executionId="40b859da-7b37-439c-9c0f-b81b6ce36bde" testId="f43a121b-52ab-f868-2cd8-10b7a8f1d1bc" testName="Listenarr.Tests.Features.Application.Audiobooks.RootFolders.RootFolderServiceTests.Update_Throws_WhenRootFolderPathContainsParentTraversal" computerName="runnervm5mmn9" duration="00:00:00.0026411" startTime="2026-07-11T00:14:27.6205049+00:00" endTime="2026-07-11T00:14:27.6224406+00:00" testType="13cdc9d9-ddb5-4fa4-a97d-d965ccfc6d4b" outcome="Passed" testListId="8c84fa94-04c1-424b-9868-57a2d4851a1d" relativeResultsDirectory="40b859da-7b37-439c-9c0f-b81b6ce36bde" />
    <UnitTestResult executionId="ffadd9b6-9eed-4d94-a1af-d18049ee032c" testId="3c7ce385-094a-edc8-51f9-bbea16179a1c" testName="Listenarr.Tests.Features.Application.Audiobooks.RootFolders.RootFolderServiceTests.Create_Throws_WhenNormalizedPathDuplicate" computerName="runnervm5mmn9" duration="00:00:00.0031559" startTime="2026-07-11T00:14:28.2190040+00:00" endTime="2026-07-11T00:14:28.2220509+00:00" testType="13cdc9d9-ddb5-4fa4-a97d-d965ccfc6d4b" outcome="Passed" testListId="8c84fa94-04c1-424b-9868-57a2d4851a1d" relativeResultsDirectory="ffadd9b6-9eed-4d94-a1af-d18049ee032c" />
    <UnitTestResult executionId="c174da31-b6e9-46fc-a2f4-80f7638d29a5" testId="bc243fa0-a8d3-39ca-5772-e39a823a834f" testName="Listenarr.Tests.Features.Infrastructure.Library.Moving.RootFolderRelocationServiceTests.StartRelocation_RejectsTargetWithCurrentDirectorySegment" computerName="runnervm5mmn9" duration="00:00:00.0062127" startTime="2026-07-11T00:14:29.8299581+00:00" endTime="2026-07-11T00:14:29.8950962+00:00" testType="13cdc9d9-ddb5-4fa4-a97d-d965ccfc6d4b" outcome="Passed" testListId="8c84fa94-04c1-424b-9868-57a2d4851a1d" relativeResultsDirectory="c174da31-b6e9-46fc-a2f4-80f7638d29a5" />
    <UnitTestResult executionId="044c85f5-7652-4fc9-a941-9a3c19d156eb" testId="c1328c3a-b2bb-151e-6a66-5dca388a0ca7" testName="Listenarr.Tests.Features.Infrastructure.Library.Moving.RootFolderRelocationServiceTests.RetryAsync_AllJobsCompletedAfterFinalizationBlocked_AppliesRootMetadataAndCompletes" computerName="runnervm5mmn9" duration="00:00:00.0389920" startTime="2026-07-11T00:14:31.1646737+00:00" endTime="2026-07-11T00:14:31.2637539+00:00" testType="13cdc9d9-ddb5-4fa4-a97d-d965ccfc6d4b" outcome="Passed" testListId="8c84fa94-04c1-424b-9868-57a2d4851a1d" relativeResultsDirectory="044c85f5-7652-4fc9-a941-9a3c19d156eb" />
    <UnitTestResult executionId="2640debf-a8fd-4676-adca-dcbde1450bd8" testId="ad06645d-d273-2b68-32ba-478aef2551f8" testName="Listenarr.Tests.Features.Infrastructure.Library.Moving.MoveJobProcessorTests.ProcessJobAsync_CustomSiblingMove_RemovesOldTitleFolderAndKeepsSeries" computerName="runnervm5mmn9" duration="00:00:00.0808075" startTime="2026-07-11T00:14:28.1538537+00:00" endTime="2026-07-11T00:14:28.2350774+00:00" testType="13cdc9d9-ddb5-4fa4-a97d-d965ccfc6d4b" outcome="Passed" testListId="8c84fa94-04c1-424b-9868-57a2d4851a1d" relativeResultsDirectory="2640debf-a8fd-4676-adca-dcbde1450bd8" />
    <UnitTestResult executionId="333ce05e-0c5e-4514-b470-59385de5ef88" testId="0eeccc78-dd36-6c45-1a82-9c009b6ce6d8" testName="Listenarr.Tests.Features.Infrastructure.Library.Moving.RootFolderRelocationServiceTests.SupersededJob_ReconciliationRequiresAttentionAndCanRetry" computerName="runnervm5mmn9" duration="00:00:00.0818685" startTime="2026-07-11T00:14:30.7062845+00:00" endTime="2026-07-11T00:14:30.8441122+00:00" testType="13cdc9d9-ddb5-4fa4-a97d-d965ccfc6d4b" outcome="Passed" testListId="8c84fa94-04c1-424b-9868-57a2d4851a1d" relativeResultsDirectory="333ce05e-0c5e-4514-b470-59385de5ef88" />
    <UnitTestResult executionId="4e8ce9d4-598b-4bb7-a8e3-ef115b401792" testId="4046f668-d9bc-3a7c-9086-4089d166df68" testName="Listenarr.Tests.Features.Infrastructure.Library.Moving.AudiobookContentMoveServiceTests.FinalizeMove_SourceEqualsCleanupBoundary_PreservesBoundaryDirectory" computerName="runnervm5mmn9" duration="00:00:00.0224056" startTime="2026-07-11T00:14:28.7939637+00:00" endTime="2026-07-11T00:14:28.8196384+00:00" testType="13cdc9d9-ddb5-4fa4-a97d-d965ccfc6d4b" outcome="Passed" testListId="8c84fa94-04c1-424b-9868-57a2d4851a1d" relativeResultsDirectory="4e8ce9d4-598b-4bb7-a8e3-ef115b401792" />
    <UnitTestResult executionId="f4d05ebd-1ac2-494e-9dc7-7422cc859009" testId="2f8d67c9-bd7f-947d-eab8-bc3fefabf5a8" testName="Listenarr.Tests.Features.Infrastructure.Library.Moving.RootFolderRelocationServiceTests.ConcurrentRetryAsync_SerializesStateTransitions" computerName="runnervm5mmn9" duration="00:00:00.0796467" startTime="2026-07-11T00:14:30.2777725+00:00" endTime="2026-07-11T00:14:30.4501049+00:00" testType="13cdc9d9-ddb5-4fa4-a97d-d965ccfc6d4b" outcome="Passed" testListId="8c84fa94-04c1-424b-9868-57a2d4851a1d" relativeResultsDirectory="f4d05ebd-1ac2-494e-9dc7-7422cc859009" />
    <UnitTestResult executionId="f8c52e7f-42ab-48d9-82f7-0ee31678c06c" testId="1a69d75b-cdb9-0e0c-ab3b-20232100b8fa" testName="Listenarr.Tests.Features.Infrastructure.Library.Moving.RootFolderRelocationServiceTests.MetadataOnly_UpdatesRootAndAudiobooksInOneTransaction" computerName="runnervm5mmn9" duration="00:00:00.0379041" startTime="2026-07-11T00:14:30.8445154+00:00" endTime="2026-07-11T00:14:30.9359075+00:00" testType="13cdc9d9-ddb5-4fa4-a97d-d965ccfc6d4b" outcome="Passed" testListId="8c84fa94-04c1-424b-9868-57a2d4851a1d" relativeResultsDirectory="f8c52e7f-42ab-48d9-82f7-0ee31678c06c" />
    <UnitTestResult executionId="0a279161-da03-435a-8606-d3f2eead0a42" testId="598bbb90-3300-da7f-05aa-e29ae58cdc90" testName="Listenarr.Tests.Features.Infrastructure.Library.Moving.AudiobookContentMoveServiceTests.MoveContentsAsync_InvalidLeaseState_DoesNotMutateFilesystem(invalidState: &quot;expiration&quot;)" computerName="runnervm5mmn9" duration="00:00:00.0530297" startTime="2026-07-11T00:14:28.4874326+00:00" endTime="2026-07-11T00:14:28.5396388+00:00" testType="13cdc9d9-ddb5-4fa4-a97d-d965ccfc6d4b" outcome="Passed" testListId="8c84fa94-04c1-424b-9868-57a2d4851a1d" relativeResultsDirectory="0a279161-da03-435a-8606-d3f2eead0a42" />
    <UnitTestResult executionId="da0ce372-1fc8-4fb4-a848-c046d9b74e5c" testId="c2919c1c-65b3-134e-b63d-6280c3a28087" testName="Listenarr.Tests.Features.Infrastructure.Library.Moving.AudiobookContentMoveServiceTests.MoveContentsAsync_SourceInsideEmptyParent_DoesNotDeleteParent" computerName="runnervm5mmn9" duration="00:00:00.0080778" startTime="2026-07-11T00:14:28.7854933+00:00" endTime="2026-07-11T00:14:28.7937389+00:00" testType="13cdc9d9-ddb5-4fa4-a97d-d965ccfc6d4b" outcome="Passed" testListId="8c84fa94-04c1-424b-9868-57a2d4851a1d" relativeResultsDirectory="da0ce372-1fc8-4fb4-a848-c046d9b74e5c" />
    <UnitTestResult executionId="13439a60-7b89-4e56-954d-ae4b8e924227" testId="253112ba-2a8f-6186-5e50-579c438d1886" testName="Listenarr.Tests.Features.Architecture.BackendArchitectureTests.DomainAndApplication_DoNotReferenceForbiddenImplementationPackages" computerName="runnervm5mmn9" duration="00:00:00.0008419" startTime="2026-07-11T00:14:28.3324383+00:00" endTime="2026-07-11T00:14:28.3325158+00:00" testType="13cdc9d9-ddb5-4fa4-a97d-d965ccfc6d4b" outcome="Passed" testListId="8c84fa94-04c1-424b-9868-57a2d4851a1d" relativeResultsDirectory="13439a60-7b89-4e56-954d-ae4b8e924227" />
    <UnitTestResult executionId="78bac6c0-308b-4add-890c-97566411422e" testId="dc576bd2-4ed3-935b-a689-d365e18618f2" testName="Listenarr.Tests.Features.Application.Audiobooks.RootFolders.RootFolderServiceTests.Update_Throws_WhenActiveMoveJobTouchesNewRoot" computerName="runnervm5mmn9" duration="00:00:00.0045042" startTime="2026-07-11T00:14:28.2620778+00:00" endTime="2026-07-11T00:14:28.2664083+00:00" testType="13cdc9d9-ddb5-4fa4-a97d-d965ccfc6d4b" outcome="Passed" testListId="8c84fa94-04c1-424b-9868-57a2d4851a1d" relativeResultsDirectory="78bac6c0-308b-4add-890c-97566411422e" />
    <UnitTestResult executionId="07e0b0e4-ea24-447c-9658-c77da07a9b12" testId="f3c2afeb-0354-4a1d-6089-eb902694d006" testName="Listenarr.Tests.Features.Infrastructure.Library.Moving.RootFolderRelocationServiceTests.StartRelocation_RejectsTargetWithParentTraversalSegment" computerName="runnervm5mmn9" duration="00:00:00.3926108" startTime="2026-07-11T00:14:25.1642008+00:00" endTime="2026-07-11T00:14:27.2043421+00:00" testType="13cdc9d9-ddb5-4fa4-a97d-d965ccfc6d4b" outcome="Passed" testListId="8c84fa94-04c1-424b-9868-57a2d4851a1d" relativeResultsDirectory="07e0b0e4-ea24-447c-9658-c77da07a9b12" />
    <UnitTestResult executionId="c9bed0d4-e572-450c-bdbc-d87f9ea8b6b6" testId="ca61ead3-8e4e-6925-4de7-16e6ea9043ae" testName="Listenarr.Tests.Features.Architecture.BackendArchitectureTests.ActiveProductionNamespaces_MatchPhysicalFolders" computerName="runnervm5mmn9" duration="00:00:00.0415581" startTime="2026-07-11T00:14:28.3726343+00:00" endTime="2026-07-11T00:14:28.4140948+00:00" testType="13cdc9d9-ddb5-4fa4-a97d-d965ccfc6d4b" outcome="Passed" testListId="8c84fa94-04c1-424b-9868-57a2d4851a1d" relativeResultsDirectory="c9bed0d4-e572-450c-bdbc-d87f9ea8b6b6" />
    <UnitTestResult executionId="ca269380-c44a-494d-add1-6aa8d99a26de" testId="e682305f-9314-fc9e-445b-a3187dcda5f6" testName="Listenarr.Tests.Features.Infrastructure.Persistence.RootFolderReassignmentTransactionTests.ReassignAudiobooksAndRemoveAsync_DeleteConflictRollsBackPathRewrites" computerName="runnervm5mmn9" duration="00:00:00.0631412" startTime="2026-07-11T00:14:27.7638847+00:00" endTime="2026-07-11T00:14:27.9250014+00:00" testType="13cdc9d9-ddb5-4fa4-a97d-d965ccfc6d4b" outcome="Passed" testListId="8c84fa94-04c1-424b-9868-57a2d4851a1d" relativeResultsDirectory="ca269380-c44a-494d-add1-6aa8d99a26de" />
    <UnitTestResult executionId="d815fe01-fb32-4aa3-8511-b3800633fb29" testId="460f8a46-55fe-5dca-8abb-c026698972ab" testName="Listenarr.Tests.Features.Architecture.BackendArchitectureTests.Controllers_DoNotResolveServicesOrImplementPersistence" computerName="runnervm5mmn9" duration="00:00:00.0113591" startTime="2026-07-11T00:14:28.6137169+00:00" endTime="2026-07-11T00:14:28.6249031+00:00" testType="13cdc9d9-ddb5-4fa4-a97d-d965ccfc6d4b" outcome="Passed" testListId="8c84fa94-04c1-424b-9868-57a2d4851a1d" relativeResultsDirectory="d815fe01-fb32-4aa3-8511-b3800633fb29" />
    <UnitTestResult executionId="d74de0b3-fd7c-4111-86cd-30ca2506f330" testId="2c1d5fca-33a3-2035-176a-646ce51c8166" testName="Listenarr.Tests.Features.Infrastructure.Library.Moving.RootFolderRelocationServiceTests.StartRelocation_RejectsOverlappingActiveStandaloneMove(conflictKind: &quot;source&quot;)" computerName="runnervm5mmn9" duration="00:00:00.0179429" startTime="2026-07-11T00:14:29.4620592+00:00" endTime="2026-07-11T00:14:29.5698090+00:00" testType="13cdc9d9-ddb5-4fa4-a97d-d965ccfc6d4b" outcome="Passed" testListId="8c84fa94-04c1-424b-9868-57a2d4851a1d" relativeResultsDirectory="d74de0b3-fd7c-4111-86cd-30ca2506f330" />
[...]
    <TestEntry testId="f7edd7ad-a2a1-59c8-1e32-e2c232f11abf" executionId="a8bda8a3-6bba-4eb4-ae4c-87f4b788a97c" testListId="8c84fa94-04c1-424b-9868-57a2d4851a1d" />
    <TestEntry testId="19be8a05-b834-ed7e-0d9c-f2014ff8c485" executionId="12c8e9b4-d1b3-47c3-ad22-ebcece9d4bb2" testListId="8c84fa94-04c1-424b-9868-57a2d4851a1d" />
    <TestEntry testId="4adc4b37-2634-0bf4-e029-962000045625" executionId="aebf49c9-341f-410c-90f7-991ddf704792" testListId="8c84fa94-04c1-424b-9868-57a2d4851a1d" />
    <TestEntry testId="56b2c7af-6bec-d199-703d-c3f9daa8eef8" executionId="a728d297-5492-418d-971a-7afe3d4b9628" testListId="8c84fa94-04c1-424b-9868-57a2d4851a1d" />
    <TestEntry testId="bc5818dc-c451-898b-e8af-752a9fdecdd8" executionId="97918140-5141-4baa-9e06-9999d7a6e573" testListId="8c84fa94-04c1-424b-9868-57a2d4851a1d" />
    <TestEntry testId="db34dceb-2845-ee41-4ca1-f802b9993a19" executionId="e3f7eb19-1636-4a96-b2e2-b1ee5f786422" testListId="8c84fa94-04c1-424b-9868-57a2d4851a1d" />
    <TestEntry testId="26ec56e7-b0f5-7e37-5d19-582b1fac89d9" executionId="3efe6847-a99a-4fff-93e8-70560778fbce" testListId="8c84fa94-04c1-424b-9868-57a2d4851a1d" />
    <TestEntry testId="26b96e58-22cd-6543-8ab7-b3b24b186df8" executionId="0da8c32d-9922-4f11-bd0e-e0085f8ca577" testListId="8c84fa94-04c1-424b-9868-57a2d4851a1d" />
    <TestEntry testId="7a8fd7c1-3c6c-8ece-069c-f605cd00d64e" executionId="7cd7c2e9-0eb4-4674-8eae-05555d7ae044" testListId="8c84fa94-04c1-424b-9868-57a2d4851a1d" />
    <TestEntry testId="52a1f056-689a-4d8b-41be-303b335248f8" executionId="ecadea55-dff6-42a3-984f-ac9c4bfcf74b" testListId="8c84fa94-04c1-424b-9868-57a2d4851a1d" />
    <TestEntry testId="3049b811-060b-2260-a276-5eb14ecb6eaa" executionId="f7d9ece2-0e6a-4435-9414-3e8f770a3fed" testListId="8c84fa94-04c1-424b-9868-57a2d4851a1d" />
    <TestEntry testId="952235a0-3c03-7494-2efb-5e5ab0706d8a" executionId="e8eb25e2-5880-4b42-ae5d-f5b011b38e45" testListId="8c84fa94-04c1-424b-9868-57a2d4851a1d" />
    <TestEntry testId="71c80b82-dcb7-bed0-8165-d3653ebcede5" executionId="2e448c1e-1e79-4f30-9cf1-1918ad28f6d8" testListId="8c84fa94-04c1-424b-9868-57a2d4851a1d" />
    <TestEntry testId="b01b0040-cde2-5b50-c16d-dde01a7465cd" executionId="2ded9ce7-a82f-4b17-afbe-801f967efb10" testListId="8c84fa94-04c1-424b-9868-57a2d4851a1d" />
    <TestEntry testId="1750d57c-d0c1-8a61-7627-c11410e8d4e6" executionId="5008990c-8014-490a-ab94-6308a7a365b9" testListId="8c84fa94-04c1-424b-9868-57a2d4851a1d" />
    <TestEntry testId="861627dc-b6c7-3846-5c6a-47068b6a6269" executionId="39c06e99-06c2-46bb-ae19-fd26a90ac8fd" testListId="8c84fa94-04c1-424b-9868-57a2d4851a1d" />
    <TestEntry testId="a7fda4a8-4eee-0b6a-5d32-3c5aefdc69b0" executionId="3c44dce3-0574-4dbe-9778-b34618e978d4" testListId="8c84fa94-04c1-424b-9868-57a2d4851a1d" />
    <TestEntry testId="ed661852-2d19-e870-cb93-b346c91ca1e5" executionId="77104c1f-58aa-4a28-b29b-aaff60ba9441" testListId="8c84fa94-04c1-424b-9868-57a2d4851a1d" />
    <TestEntry testId="a6027d26-0a61-2985-ff10-29e94a0c2a59" executionId="658f45ae-227d-4e6f-9420-b132b30821eb" testListId="8c84fa94-04c1-424b-9868-57a2d4851a1d" />
    <TestEntry testId="2f89398b-a301-02ce-ef07-adce65f5f744" executionId="5bf51e56-964b-4eff-aff2-a9189c9c81a5" testListId="8c84fa94-04c1-424b-9868-57a2d4851a1d" />
    <TestEntry testId="6313ffe7-100a-8b6a-3909-f0134ea85ee0" executionId="8bfda2ee-01d1-4db5-b801-67492f8f5695" testListId="8c84fa94-04c1-424b-9868-57a2d4851a1d" />
    <TestEntry testId="52f814ec-cfa0-5cb4-dde0-5e582d2503ba" executionId="bef4aa5e-b4f0-4e30-b2c4-50e6b267b3c8" testListId="8c84fa94-04c1-424b-9868-57a2d4851a1d" />
    <TestEntry testId="e4d9c4d3-0aa7-aeee-1509-ee83ba152752" executionId="64f0a65a-2a09-435d-86a7-313030f699a5" testListId="8c84fa94-04c1-424b-9868-57a2d4851a1d" />
    <TestEntry testId="e2246755-93b1-b552-4721-b7a080e7a806" executionId="3aa1288d-6bfb-44cd-af91-31d3ff6bf4b5" testListId="8c84fa94-04c1-424b-9868-57a2d4851a1d" />
    <TestEntry testId="48fd645e-0ab6-73d0-1343-ba8621507d57" executionId="0ce9f752-ecd3-48f3-839f-138d30c43de4" testListId="8c84fa94-04c1-424b-9868-57a2d4851a1d" />
    <TestEntry testId="edb6c034-d942-3eed-4cb8-ae7b3cc453b1" executionId="223a0b2c-d437-4cb4-92a5-0b060b25b402" testListId="8c84fa94-04c1-424b-9868-57a2d4851a1d" />
    <TestEntry testId="5f9e3578-bad3-95b9-7383-a8741247c0c1" executionId="76343892-b256-4ce6-8eb5-45771aca554d" testListId="8c84fa94-04c1-424b-9868-57a2d4851a1d" />
    <TestEntry testId="e5c894cc-e332-7047-6d64-d6c155713504" executionId="f591d599-a090-4e11-a058-c0e7e96085dc" testListId="8c84fa94-04c1-424b-9868-57a2d4851a1d" />
    <TestEntry testId="cde990b1-ba18-86ca-ddf7-634be38cdca5" executionId="b5469bad-9ae2-4bae-85bc-c6e926a5d122" testListId="8c84fa94-04c1-424b-9868-57a2d4851a1d" />
    <TestEntry testId="0747ece7-b525-16b5-6dc6-7b2004f56fd2" executionId="1d84dfa0-2df2-4343-945c-6e248aafa2a6" testListId="8c84fa94-04c1-424b-9868-57a2d4851a1d" />
    <TestEntry testId="3d303f14-5ef9-497b-8f9f-305c0b16e7ed" executionId="fd4fa0d7-0cef-4cb6-a9b5-955a716acfa2" testListId="8c84fa94-04c1-424b-9868-57a2d4851a1d" />
    <TestEntry testId="34ff9f6c-fbaf-e586-6d8f-4f3ab45b923f" executionId="31fe2cb5-cb65-4bdc-9735-5fa9cb40c05e" testListId="8c84fa94-04c1-424b-9868-57a2d4851a1d" />
    <TestEntry testId="8f03d0a4-7bbc-33f9-6799-df6ceb910b84" executionId="a91b6f32-1f99-404d-a235-8f3865cdfa4e" testListId="8c84fa94-04c1-424b-9868-57a2d4851a1d" />
    <TestEntry testId="edfb95b1-047e-3c3e-3ef4-6f15ec62de46" executionId="8f622417-2219-4815-9711-928d1cf3c600" testListId="8c84fa94-04c1-424b-9868-57a2d4851a1d" />
    <TestEntry testId="3db3f8ef-802b-d845-23b3-455b41f4cfaf" executionId="64de63c2-8b8c-469c-a34b-a47c54ba853b" testListId="8c84fa94-04c1-424b-9868-57a2d4851a1d" />
    <TestEntry testId="e172b52d-9c98-574d-c31d-0c3feae3aa24" executionId="cefa26d8-47ae-407b-9e75-cbcf18cc1b69" testListId="8c84fa94-04c1-424b-9868-57a2d4851a1d" />
    <TestEntry testId="dc58991b-6fb9-1d78-e243-a77fe86d2da9" executionId="3d7a694c-3b60-479b-8f1e-8231fd4d5be0" testListId="8c84fa94-04c1-424b-9868-57a2d4851a1d" />
    <TestEntry testId="b954a545-82d2-f9b2-c020-d2fbd5b6e44c" executionId="feb831fb-d95d-4786-af85-97ce900c91f8" testListId="8c84fa94-04c1-424b-9868-57a2d4851a1d" />
    <TestEntry testId="86f1478d-28db-44f9-dcbe-95050542d289" executionId="3dd94323-911a-420e-8ede-f085cfbfcec9" testListId="8c84fa94-04c1-424b-9868-57a2d4851a1d" />
    <TestEntry testId="00d5fd4c-0ff0-ba3b-d161-33b83b140905" executionId="80cfd8ad-6abc-4b01-87c2-3f4bd9a376bd" testListId="8c84fa94-04c1-424b-9868-57a2d4851a1d" />
    <TestEntry testId="0edf490c-17b0-911d-abb5-08a4a9661d87" executionId="92c5996e-31a2-411d-8481-040d457913d8" testListId="8c84fa94-04c1-424b-9868-57a2d4851a1d" />
    <TestEntry testId="7a110a0b-75ac-e8d3-84a4-30c277f812f0" executionId="984de6bf-c51f-4baf-8144-f90ced031811" testListId="8c84fa94-04c1-424b-9868-57a2d4851a1d" />
    <TestEntry testId="1e961401-7bbc-e604-0ba5-d9a6fc41c830" executionId="8e54e71b-9023-414b-918a-a240881b8544" testListId="8c84fa94-04c1-424b-9868-57a2d4851a1d" />
    <TestEntry testId="8f8dbdd1-5b54-991b-651a-468b99e1b0d6" executionId="3e3691b6-3189-4b6a-8ada-50e12a8784eb" testListId="8c84fa94-04c1-424b-9868-57a2d4851a1d" />
    <TestEntry testId="41db2fa2-a2bb-2f1b-39b0-a3ad22088414" executionId="bdc55414-9283-4c92-8ced-b476102111a3" testListId="8c84fa94-04c1-424b-9868-57a2d4851a1d" />
    <TestEntry testId="9e8d1a18-321d-be25-5d69-8e7fbaec384f" executionId="58e47ca3-c5ff-4f8c-9ffa-f7f829d1dcf1" testListId="8c84fa94-04c1-424b-9868-57a2d4851a1d" />
    <TestEntry testId="28fac187-6fb7-570c-97c3-4712506d140e" executionId="114267b5-59d4-4955-a2b6-fbba46ee8fbd" testListId="8c84fa94-04c1-424b-9868-57a2d4851a1d" />
    <TestEntry testId="1915ff96-b3c3-34e6-f3a8-768f8e22f1d0" executionId="743b4a0a-937e-4b41-bfaf-5035cc76dd40" testListId="8c84fa94-04c1-424b-9868-57a2d4851a1d" />
    <TestEntry testId="883e9400-72a8-08be-6e51-39ce0b887d0c" executionId="0b3da594-b8f0-4c9e-bb9a-a011043ead98" testListId="8c84fa94-04c1-424b-9868-57a2d4851a1d" />
    <TestEntry testId="ff425805-d080-093e-6b5b-d94d57e3372f" executionId="083dd206-bc16-4111-8d92-7a55f7a7ff4a" testListId="8c84fa94-04c1-424b-9868-57a2d4851a1d" />
    <TestEntry testId="624bf60e-039d-a906-f204-c980c007b53c" executionId="bdecf25c-e6f7-4125-a213-bad5e3590b8a" testListId="8c84fa94-04c1-424b-9868-57a2d4851a1d" />
    <TestEntry testId="00eb733d-1ec7-bf59-1988-1cc1aafdde75" executionId="aee000ca-0e12-4fb9-ad4d-241cc1bb0070" testListId="8c84fa94-04c1-424b-9868-57a2d4851a1d" />
    <TestEntry testId="45921abe-03b3-dd69-2c6c-74c1730155ec" executionId="b34bd8a8-ae49-445f-b4c4-39ce4ac3c9cf" testListId="8c84fa94-04c1-424b-9868-57a2d4851a1d" />
    <TestEntry testId="d2d5dfa6-0148-9cea-e473-d61222eb4245" executionId="a5707bdb-1edc-4793-88cc-8f4f651ef11a" testListId="8c84fa94-04c1-424b-9868-57a2d4851a1d" />
    <TestEntry testId="b772849c-9589-3c0b-5520-f13e634cbae3" executionId="b0568dbe-b3ed-40f1-a154-c1af2b67402c" testListId="8c84fa94-04c1-424b-9868-57a2d4851a1d" />
    <TestEntry testId="e02bfcb6-3169-ef5d-2c7d-5bff991f5094" executionId="52d4b314-d995-4329-b060-c50de07147bd" testListId="8c84fa94-04c1-424b-9868-57a2d4851a1d" />
    <TestEntry testId="e3b686b3-de32-5a0e-f3d7-3703d9a1ceb8" executionId="9a2f71dd-ef4c-4680-a367-f6ef1791fe39" testListId="8c84fa94-04c1-424b-9868-57a2d4851a1d" />
    <TestEntry testId="f43a121b-52ab-f868-2cd8-10b7a8f1d1bc" executionId="40b859da-7b37-439c-9c0f-b81b6ce36bde" testListId="8c84fa94-04c1-424b-9868-57a2d4851a1d" />
    <TestEntry testId="3c7ce385-094a-edc8-51f9-bbea16179a1c" executionId="ffadd9b6-9eed-4d94-a1af-d18049ee032c" testListId="8c84fa94-04c1-424b-9868-57a2d4851a1d" />
    <TestEntry testId="bc243fa0-a8d3-39ca-5772-e39a823a834f" executionId="c174da31-b6e9-46fc-a2f4-80f7638d29a5" testListId="8c84fa94-04c1-424b-9868-57a2d4851a1d" />
    <TestEntry testId="c1328c3a-b2bb-151e-6a66-5dca388a0ca7" executionId="044c85f5-7652-4fc9-a941-9a3c19d156eb" testListId="8c84fa94-04c1-424b-9868-57a2d4851a1d" />
    <TestEntry testId="ad06645d-d273-2b68-32ba-478aef2551f8" executionId="2640debf-a8fd-4676-adca-dcbde1450bd8" testListId="8c84fa94-04c1-424b-9868-57a2d4851a1d" />
    <TestEntry testId="0eeccc78-dd36-6c45-1a82-9c009b6ce6d8" executionId="333ce05e-0c5e-4514-b470-59385de5ef88" testListId="8c84fa94-04c1-424b-9868-57a2d4851a1d" />
    <TestEntry testId="4046f668-d9bc-3a7c-9086-4089d166df68" executionId="4e8ce9d4-598b-4bb7-a8e3-ef115b401792" testListId="8c84fa94-04c1-424b-9868-57a2d4851a1d" />
    <TestEntry testId="2f8d67c9-bd7f-947d-eab8-bc3fefabf5a8" executionId="f4d05ebd-1ac2-494e-9dc7-7422cc859009" testListId="8c84fa94-04c1-424b-9868-57a2d4851a1d" />
    <TestEntry testId="1a69d75b-cdb9-0e0c-ab3b-20232100b8fa" executionId="f8c52e7f-42ab-48d9-82f7-0ee31678c06c" testListId="8c84fa94-04c1-424b-9868-57a2d4851a1d" />
    <TestEntry testId="598bbb90-3300-da7f-05aa-e29ae58cdc90" executionId="0a279161-da03-435a-8606-d3f2eead0a42" testListId="8c84fa94-04c1-424b-9868-57a2d4851a1d" />
    <TestEntry testId="c2919c1c-65b3-134e-b63d-6280c3a28087" executionId="da0ce372-1fc8-4fb4-a848-c046d9b74e5c" testListId="8c84fa94-04c1-424b-9868-57a2d4851a1d" />
    <TestEntry testId="253112ba-2a8f-6186-5e50-579c438d1886" executionId="13439a60-7b89-4e56-954d-ae4b8e924227" testListId="8c84fa94-04c1-424b-9868-57a2d4851a1d" />
    <TestEntry testId="dc576bd2-4ed3-935b-a689-d365e18618f2" executionId="78bac6c0-308b-4add-890c-97566411422e" testListId="8c84fa94-04c1-424b-9868-57a2d4851a1d" />
    <TestEntry testId="f3c2afeb-0354-4a1d-6089-eb902694d006" executionId="07e0b0e4-ea24-447c-9658-c77da07a9b12" testListId="8c84fa94-04c1-424b-9868-57a2d4851a1d" />
    <TestEntry testId="ca61ead3-8e4e-6925-4de7-16e6ea9043ae" executionId="c9bed0d4-e572-450c-bdbc-d87f9ea8b6b6" testListId="8c84fa94-04c1-424b-9868-57a2d4851a1d" />
    <TestEntry testId="e682305f-9314-fc9e-445b-a3187dcda5f6" executionId="ca269380-c44a-494d-add1-6aa8d99a26de" testListId="8c84fa94-04c1-424b-9868-57a2d4851a1d" />
    <TestEntry testId="460f8a46-55fe-5dca-8abb-c026698972ab" executionId="d815fe01-fb32-4aa3-8511-b3800633fb29" testListId="8c84fa94-04c1-424b-9868-57a2d4851a1d" />
    <TestEntry testId="2c1d5fca-33a3-2035-176a-646ce51c8166" executionId="d74de0b3-fd7c-4111-86cd-30ca2506f330" testListId="8c84fa94-04c1-424b-9868-57a2d4851a1d" />
    <TestEntry testId="58cfa471-24d8-fa82-8878-45acc0f9fa2d" executionId="180da4c3-c47c-47b3-96f5-a9975242c327" testListId="8c84fa94-04c1-424b-9868-57a2d4851a1d" />
    <TestEntry testId="d862a134-58a2-28d0-95b2-c312bd5e06ca" executionId="a0d4a9b1-0ae3-4e9a-9f51-0faef38010a1" testListId="8c84fa94-04c1-424b-9868-57a2d4851a1d" />
    <TestEntry testId="a783c601-c024-3c59-7587-e88bd6439489" executionId="c0e26af9-8357-4127-95fb-cb70ce3ba2c9" testListId="8c84fa94-04c1-424b-9868-57a2d4851a1d" />
    <TestEntry testId="95ed0ff9-e14e-9d00-bc53-85c02d789d44" executionId="4680f7c2-3e65-4ad5-bca3-a9e92e2bcc9e" testListId="8c84fa94-04c1-424b-9868-57a2d4851a1d" />
    <TestEntry testId="f10e3325-fce1-fb07-2dd1-f704e9990380" executionId="d73c003a-430b-46f4-8899-250ec5dabc5f" testListId="8c84fa94-04c1-424b-9868-57a2d4851a1d" />
    <TestEntry testId="3cd08c79-27ea-1520-54e5-3521d732ecc2" executionId="12d5c207-5193-4b19-9db7-8f0cfb198102" testListId="8c84fa94-04c1-424b-9868-57a2d4851a1d" />
    <TestEntry testId="2ec0c7be-5e96-5727-2fa0-077210aac4f8" executionId="9e5198fb-b3fd-48e3-b0c0-969fdb80cc27" testListId="8c84fa94-04c1-424b-9868-57a2d4851a1d" />
    <TestEntry testId="95485fab-09ff-f523-7efc-f6a1c999eef1" executionId="76d933ac-c08f-4985-9861-77abb7d6de2b" testListId="8c84fa94-04c1-424b-9868-57a2d4851a1d" />
    <TestEntry testId="0d4fd5d2-7177-98e8-a9a4-03650add79dc" executionId="46ac114e-7c39-4d92-b19d-607fd07b2ca7" testListId="8c84fa94-04c1-424b-9868-57a2d4851a1d" />
    <TestEntry testId="8ede1adc-e563-1d31-1879-6d4834f7bf79" executionId="38d0bf45-911c-477f-9e75-35b73d531846" testListId="8c84fa94-04c1-424b-9868-57a2d4851a1d" />
    <TestEntry testId="418c1a45-afe4-0395-a1cd-14ac7b22c729" executionId="340ccfcd-e46b-4b6e-ba83-d827e7c6edc1" testListId="8c84fa94-04c1-424b-9868-57a2d4851a1d" />
    <TestEntry testId="2167c89f-f145-aac5-9896-a6cd484e68d5" executionId="cb067622-c75d-4b8f-a537-39d807734e42" testListId="8c84fa94-04c1-424b-9868-57a2d4851a1d" />
    <TestEntry testId="18bd5276-2e8a-e3a6-595a-90b252eabb2b" executionId="e3b1cf59-f540-48a2-8d39-3b647a3fe4ac" testListId="8c84fa94-04c1-424b-9868-57a2d4851a1d" />
    <TestEntry testId="c2cb5221-f3ee-0a32-8dbb-15c4cc0be55d" executionId="3768730c-6af0-436b-83f8-19f34da82c96" testListId="8c84fa94-04c1-424b-9868-57a2d4851a1d" />
    <TestEntry testId="b41ae77d-6382-5c76-62b7-ab28fae75be1" executionId="733c62b0-38de-4240-8d5f-5d353942b471" testListId="8c84fa94-04c1-424b-9868-57a2d4851a1d" />
    <TestEntry testId="d383c82d-2cb9-8086-2d04-72313182c70f" executionId="521790c4-0576-49d8-934a-58f04a566f36" testListId="8c84fa94-04c1-424b-9868-57a2d4851a1d" />
    <TestEntry testId="a13c670a-beb5-a8c3-81e7-f66ca11e0e0d" executionId="96452d1d-33c3-4c8f-9029-1c054950e0c5" testListId="8c84fa94-04c1-424b-9868-57a2d4851a1d" />
    <TestEntry testId="2925759c-d285-00ce-0095-783da5751083" executionId="a06c06b5-4fb5-4ea9-be67-1ed926520c20" testListId="8c84fa94-04c1-424b-9868-57a2d4851a1d" />
    <TestEntry testId="51d7a951-f024-5621-a264-bce7eab44272" executionId="30567967-3b4f-4735-b87a-35840506a04f" testListId="8c84fa94-04c1-424b-9868-57a2d4851a1d" />
    <TestEntry testId="5a29810d-003b-4b38-b8ed-3f36f2cf6038" executionId="ae6bdee5-6e58-4b23-abd4-98c87d474783" testListId="8c84fa94-04c1-424b-9868-57a2d4851a1d" />
    <TestEntry testId="ff6620a7-937f-3f78-fddb-79269d2125c7" executionId="ef6fdd50-50ec-4ace-98ef-3a111b82f363" testListId="8c84fa94-04c1-424b-9868-57a2d4851a1d" />
    <TestEntry testId="f29531f3-208d-313c-93a8-801eed02f66f" executionId="ce8ae3d1-06ad-47c9-a31b-f321d54cad27" testListId="8c84fa94-04c1-424b-9868-57a2d4851a1d" />
    <TestEntry testId="a3e69d83-8385-7d52-75fe-2415d0957a32" executionId="679d9331-fba7-4daa-b71f-6cb02f4feb59" testListId="8c84fa94-04c1-424b-9868-57a2d4851a1d" />
    <TestEntry testId="f127b059-3447-a62d-ce06-b8a4345208c2" executionId="bd4cc854-d5e8-4e3e-9563-393dcfabbb96" testListId="8c84fa94-04c1-424b-9868-57a2d4851a1d" />
    <TestEntry testId="11b78831-1450-c9d0-acf3-83ca0b179319" executionId="431064a6-f59b-4990-92e0-e3379e34e2ef" testListId="8c84fa94-04c1-424b-9868-57a2d4851a1d" />
    <TestEntry testId="c427ecf8-8b9d-338b-56b4-74dfa3e8e64b" executionId="aebfbecb-3ceb-4b0b-ae6e-dde339d5dadc" testListId="8c84fa94-04c1-424b-9868-57a2d4851a1d" />
    <TestEntry testId="e9ae9e7a-b2ea-ae02-ef76-0797e56af3d6" executionId="247730cc-e093-40d5-9efa-8d8a5893936c" testListId="8c84fa94-04c1-424b-9868-57a2d4851a1d" />
    <TestEntry testId="8f6c4890-5c0e-fd0f-55b1-86b907b9f440" executionId="d99f35df-3f3f-4ec5-81aa-cabe5c840791" testListId="8c84fa94-04c1-424b-9868-57a2d4851a1d" />
    <TestEntry testId="0ee0e643-fbd0-c654-f273-2f2efafb8612" executionId="9457fc2e-c801-4f83-b7a9-0b18511bf1c6" testListId="8c84fa94-04c1-424b-9868-57a2d4851a1d" />
    <TestEntry testId="99e3ec3c-2696-e472-6f0e-faf276fa6569" executionId="687b7fd9-aafb-4d8d-82d5-730e361498b6" testListId="8c84fa94-04c1-424b-9868-57a2d4851a1d" />
    <TestEntry testId="d43ea0ca-78c0-3484-a452-91de67dcb559" executionId="9aa15e10-dc2d-4e3f-87ca-069c8468c27e" testListId="8c84fa94-04c1-424b-9868-57a2d4851a1d" />
    <TestEntry testId="cac68efe-6b34-91bb-e599-00be97a7f3d3" executionId="0cdbb772-dc56-4270-8699-b3fe99f08773" testListId="8c84fa94-04c1-424b-9868-57a2d4851a1d" />
    <TestEntry testId="947ef3be-231a-24f8-b047-8aa7ef804675" executionId="b1234b6b-2786-4d51-b2f3-c57708e3debb" testListId="8c84fa94-04c1-424b-9868-57a2d4851a1d" />
    <TestEntry testId="7543c361-d83d-67a4-eab6-15b968cc3e4f" executionId="229206b6-c822-4f9a-a352-3e0301b02111" testListId="8c84fa94-04c1-424b-9868-57a2d4851a1d" />
    <TestEntry testId="fa65cb84-ce43-3681-96ca-4157c114174b" executionId="8c06eda5-3a32-48d2-90e8-e69d926cf221" testListId="8c84fa94-04c1-424b-9868-57a2d4851a1d" />
    <TestEntry testId="4806b468-8977-1971-4b8a-5beffaa8d580" executionId="8c805e7f-9804-473d-8398-eaac03ea3f85" testListId="8c84fa94-04c1-424b-9868-57a2d4851a1d" />
    <TestEntry testId="fd5befde-6f25-b4e2-29c0-8b889d008cb4" executionId="119c23c7-f7d1-43fc-b399-261fb16bb76e" testListId="8c84fa94-04c1-424b-9868-57a2d4851a1d" />
    <TestEntry testId="3ff36c1c-6df7-940d-e650-99d09a06246e" executionId="6dec822e-b30a-44fd-9006-62d010198349" testListId="8c84fa94-04c1-424b-9868-57a2d4851a1d" />
    <TestEntry testId="d08e6192-94a3-70e1-dccb-092115e10601" executionId="b562b906-99f5-458f-bade-78c223fa2d75" testListId="8c84fa94-04c1-424b-9868-57a2d4851a1d" />
    <TestEntry testId="dd54122e-ca0d-0b43-957c-66a69b3d6050" executionId="c42dccec-a53a-4bf8-8d79-50f449f04ccc" testListId="8c84fa94-04c1-424b-9868-57a2d4851a1d" />
  </TestEntries>
  <TestLists>
    <TestList name="Results Not in a List" id="8c84fa94-04c1-424b-9868-57a2d4851a1d" />
    <TestList name="All Loaded Results" id="19431567-8539-422a-85d7-44ee4e166bda" />
  </TestLists>
  <ResultSummary outcome="Completed">
    <Counters total="171" executed="171" passed="171" failed="0" error="0" timeout="0" aborted="0" inconclusive="0" passedButRunAborted="0" notRunnable="0" notExecuted="0" disconnected="0" warning="0" completed="0" inProgress="0" pending="0" />
    <Output>
      <StdOut>[xUnit.net 00:00:00.00] xUnit.net VSTest Adapter v3.1.5+1b188a7b0a (64-bit .NET 10.0.9)
[xUnit.net 00:00:00.35]   Discovering: Listenarr.Tests
[xUnit.net 00:00:00.65]   Discovered:  Listenarr.Tests
[xUnit.net 00:00:00.71]   Starting:    Listenarr.Tests
[xUnit.net 00:00:07.40]   Finished:    Listenarr.Tests
</StdOut>
    </Output>
  </ResultSummary>
</TestRun>